This is pdfTeX, Version 3.14159265-2.6-1.40.21 (TeX Live 2020) (preloaded format=pdflatex 2020.4.22)  30 DEC 2023 14:18
entering extended mode
 restricted \write18 enabled.
 %&-line parsing enabled.
**presentation.tex
(./presentation.tex
LaTeX2e <2020-02-02> patch level 5
L3 programming layer <2020-03-06>
(/usr/local/texlive/2020/texmf-dist/tex/latex/beamer/beamer.cls
Document Class: beamer 2019/09/29 v3.57 A class for typesetting presentations
(/usr/local/texlive/2020/texmf-dist/tex/latex/beamer/beamerbasemodes.sty
(/usr/local/texlive/2020/texmf-dist/tex/latex/etoolbox/etoolbox.sty
Package: etoolbox 2019/09/21 v2.5h e-TeX tools for LaTeX (JAW)
\etb@tempcnta=\count167
)
\beamer@tempbox=\box45
\beamer@tempcount=\count168
\c@beamerpauses=\count169

(/usr/local/texlive/2020/texmf-dist/tex/latex/beamer/beamerbasedecode.sty
\beamer@slideinframe=\count170
\beamer@minimum=\count171
\beamer@decode@box=\box46
)
\beamer@commentbox=\box47
\beamer@modecount=\count172
)
(/usr/local/texlive/2020/texmf-dist/tex/generic/iftex/ifpdf.sty
Package: ifpdf 2019/10/25 v3.4 ifpdf legacy package. Use iftex instead.

(/usr/local/texlive/2020/texmf-dist/tex/generic/iftex/iftex.sty
Package: iftex 2020/03/06 v1.0d TeX engine tests
))
\headdp=\dimen134
\footheight=\dimen135
\sidebarheight=\dimen136
\beamer@tempdim=\dimen137
\beamer@finalheight=\dimen138
\beamer@animht=\dimen139
\beamer@animdp=\dimen140
\beamer@animwd=\dimen141
\beamer@leftmargin=\dimen142
\beamer@rightmargin=\dimen143
\beamer@leftsidebar=\dimen144
\beamer@rightsidebar=\dimen145
\beamer@boxsize=\dimen146
\beamer@vboxoffset=\dimen147
\beamer@descdefault=\dimen148
\beamer@descriptionwidth=\dimen149
\beamer@lastskip=\skip47
\beamer@areabox=\box48
\beamer@animcurrent=\box49
\beamer@animshowbox=\box50
\beamer@sectionbox=\box51
\beamer@logobox=\box52
\beamer@linebox=\box53
\beamer@sectioncount=\count173
\beamer@subsubsectionmax=\count174
\beamer@subsectionmax=\count175
\beamer@sectionmax=\count176
\beamer@totalheads=\count177
\beamer@headcounter=\count178
\beamer@partstartpage=\count179
\beamer@sectionstartpage=\count180
\beamer@subsectionstartpage=\count181
\beamer@animationtempa=\count182
\beamer@animationtempb=\count183
\beamer@xpos=\count184
\beamer@ypos=\count185
\beamer@ypos@offset=\count186
\beamer@showpartnumber=\count187
\beamer@currentsubsection=\count188
\beamer@coveringdepth=\count189
\beamer@sectionadjust=\count190
\beamer@tocsectionnumber=\count191

(/usr/local/texlive/2020/texmf-dist/tex/latex/beamer/beamerbaseoptions.sty
(/usr/local/texlive/2020/texmf-dist/tex/latex/graphics/keyval.sty
Package: keyval 2014/10/28 v1.15 key=value parser (DPC)
\KV@toks@=\toks15
))
\beamer@paperwidth=\skip48
\beamer@paperheight=\skip49

(/usr/local/texlive/2020/texmf-dist/tex/latex/geometry/geometry.sty
Package: geometry 2020/01/02 v5.9 Page Geometry

(/usr/local/texlive/2020/texmf-dist/tex/generic/iftex/ifvtex.sty
Package: ifvtex 2019/10/25 v1.7 ifvtex legacy package. Use iftex instead.
)
\Gm@cnth=\count192
\Gm@cntv=\count193
\c@Gm@tempcnt=\count194
\Gm@bindingoffset=\dimen150
\Gm@wd@mp=\dimen151
\Gm@odd@mp=\dimen152
\Gm@even@mp=\dimen153
\Gm@layoutwidth=\dimen154
\Gm@layoutheight=\dimen155
\Gm@layouthoffset=\dimen156
\Gm@layoutvoffset=\dimen157
\Gm@dimlist=\toks16
)
(/usr/local/texlive/2020/texmf-dist/tex/latex/base/size10.clo
File: size10.clo 2019/12/20 v1.4l Standard LaTeX file (size option)
)
(/usr/local/texlive/2020/texmf-dist/tex/latex/pgf/basiclayer/pgfcore.sty
(/usr/local/texlive/2020/texmf-dist/tex/latex/graphics/graphicx.sty
Package: graphicx 2019/11/30 v1.2a Enhanced LaTeX Graphics (DPC,SPQR)

(/usr/local/texlive/2020/texmf-dist/tex/latex/graphics/graphics.sty
Package: graphics 2019/11/30 v1.4a Standard LaTeX Graphics (DPC,SPQR)

(/usr/local/texlive/2020/texmf-dist/tex/latex/graphics/trig.sty
Package: trig 2016/01/03 v1.10 sin cos tan (DPC)
)
(/usr/local/texlive/2020/texmf-dist/tex/latex/graphics-cfg/graphics.cfg
File: graphics.cfg 2016/06/04 v1.11 sample graphics configuration
)
Package graphics Info: Driver file: pdftex.def on input line 105.

(/usr/local/texlive/2020/texmf-dist/tex/latex/graphics-def/pdftex.def
File: pdftex.def 2018/01/08 v1.0l Graphics/color driver for pdftex
))
\Gin@req@height=\dimen158
\Gin@req@width=\dimen159
)
(/usr/local/texlive/2020/texmf-dist/tex/latex/pgf/systemlayer/pgfsys.sty
(/usr/local/texlive/2020/texmf-dist/tex/latex/pgf/utilities/pgfrcs.sty
(/usr/local/texlive/2020/texmf-dist/tex/generic/pgf/utilities/pgfutil-common.te
x
\pgfutil@everybye=\toks17
\pgfutil@tempdima=\dimen160
\pgfutil@tempdimb=\dimen161

(/usr/local/texlive/2020/texmf-dist/tex/generic/pgf/utilities/pgfutil-common-li
sts.tex))
(/usr/local/texlive/2020/texmf-dist/tex/generic/pgf/utilities/pgfutil-latex.def
\pgfutil@abb=\box54
(/usr/local/texlive/2020/texmf-dist/tex/latex/ms/everyshi.sty
Package: everyshi 2001/05/15 v3.00 EveryShipout Package (MS)
))
(/usr/local/texlive/2020/texmf-dist/tex/generic/pgf/utilities/pgfrcs.code.tex
(/usr/local/texlive/2020/texmf-dist/tex/generic/pgf/pgf.revision.tex)
Package: pgfrcs 2020/01/08 v3.1.5b (3.1.5b)
))
(/usr/local/texlive/2020/texmf-dist/tex/generic/pgf/systemlayer/pgfsys.code.tex
Package: pgfsys 2020/01/08 v3.1.5b (3.1.5b)
(/usr/local/texlive/2020/texmf-dist/tex/generic/pgf/utilities/pgfkeys.code.tex
\pgfkeys@pathtoks=\toks18
\pgfkeys@temptoks=\toks19

(/usr/local/texlive/2020/texmf-dist/tex/generic/pgf/utilities/pgfkeysfiltered.c
ode.tex
\pgfkeys@tmptoks=\toks20
))
\pgf@x=\dimen162
\pgf@y=\dimen163
\pgf@xa=\dimen164
\pgf@ya=\dimen165
\pgf@xb=\dimen166
\pgf@yb=\dimen167
\pgf@xc=\dimen168
\pgf@yc=\dimen169
\pgf@xd=\dimen170
\pgf@yd=\dimen171
\w@pgf@writea=\write3
\r@pgf@reada=\read2
\c@pgf@counta=\count195
\c@pgf@countb=\count196
\c@pgf@countc=\count197
\c@pgf@countd=\count198
\t@pgf@toka=\toks21
\t@pgf@tokb=\toks22
\t@pgf@tokc=\toks23
\pgf@sys@id@count=\count199

(/usr/local/texlive/2020/texmf-dist/tex/generic/pgf/systemlayer/pgf.cfg
File: pgf.cfg 2020/01/08 v3.1.5b (3.1.5b)
)
Driver file for pgf: pgfsys-pdftex.def

(/usr/local/texlive/2020/texmf-dist/tex/generic/pgf/systemlayer/pgfsys-pdftex.d
ef
File: pgfsys-pdftex.def 2020/01/08 v3.1.5b (3.1.5b)

(/usr/local/texlive/2020/texmf-dist/tex/generic/pgf/systemlayer/pgfsys-common-p
df.def
File: pgfsys-common-pdf.def 2020/01/08 v3.1.5b (3.1.5b)
)))
(/usr/local/texlive/2020/texmf-dist/tex/generic/pgf/systemlayer/pgfsyssoftpath.
code.tex
File: pgfsyssoftpath.code.tex 2020/01/08 v3.1.5b (3.1.5b)
\pgfsyssoftpath@smallbuffer@items=\count266
\pgfsyssoftpath@bigbuffer@items=\count267
)
(/usr/local/texlive/2020/texmf-dist/tex/generic/pgf/systemlayer/pgfsysprotocol.
code.tex
File: pgfsysprotocol.code.tex 2020/01/08 v3.1.5b (3.1.5b)
)) (/usr/local/texlive/2020/texmf-dist/tex/latex/xcolor/xcolor.sty
Package: xcolor 2016/05/11 v2.12 LaTeX color extensions (UK)

(/usr/local/texlive/2020/texmf-dist/tex/latex/graphics-cfg/color.cfg
File: color.cfg 2016/01/02 v1.6 sample color configuration
)
Package xcolor Info: Driver file: pdftex.def on input line 225.
Package xcolor Info: Model `cmy' substituted by `cmy0' on input line 1348.
Package xcolor Info: Model `hsb' substituted by `rgb' on input line 1352.
Package xcolor Info: Model `RGB' extended on input line 1364.
Package xcolor Info: Model `HTML' substituted by `rgb' on input line 1366.
Package xcolor Info: Model `Hsb' substituted by `hsb' on input line 1367.
Package xcolor Info: Model `tHsb' substituted by `hsb' on input line 1368.
Package xcolor Info: Model `HSB' substituted by `hsb' on input line 1369.
Package xcolor Info: Model `Gray' substituted by `gray' on input line 1370.
Package xcolor Info: Model `wave' substituted by `hsb' on input line 1371.

(/usr/local/texlive/2020/texmf-dist/tex/latex/graphics/dvipsnam.def
File: dvipsnam.def 2016/06/17 v3.0m Driver-dependent file (DPC,SPQR)
))
(/usr/local/texlive/2020/texmf-dist/tex/generic/pgf/basiclayer/pgfcore.code.tex
Package: pgfcore 2020/01/08 v3.1.5b (3.1.5b)
(/usr/local/texlive/2020/texmf-dist/tex/generic/pgf/math/pgfmath.code.tex
(/usr/local/texlive/2020/texmf-dist/tex/generic/pgf/math/pgfmathcalc.code.tex
(/usr/local/texlive/2020/texmf-dist/tex/generic/pgf/math/pgfmathutil.code.tex)
(/usr/local/texlive/2020/texmf-dist/tex/generic/pgf/math/pgfmathparser.code.tex
\pgfmath@dimen=\dimen172
\pgfmath@count=\count268
\pgfmath@box=\box55
\pgfmath@toks=\toks24
\pgfmath@stack@operand=\toks25
\pgfmath@stack@operation=\toks26
)
(/usr/local/texlive/2020/texmf-dist/tex/generic/pgf/math/pgfmathfunctions.code.
tex
(/usr/local/texlive/2020/texmf-dist/tex/generic/pgf/math/pgfmathfunctions.basic
.code.tex)
(/usr/local/texlive/2020/texmf-dist/tex/generic/pgf/math/pgfmathfunctions.trigo
nometric.code.tex)
(/usr/local/texlive/2020/texmf-dist/tex/generic/pgf/math/pgfmathfunctions.rando
m.code.tex)
(/usr/local/texlive/2020/texmf-dist/tex/generic/pgf/math/pgfmathfunctions.compa
rison.code.tex)
(/usr/local/texlive/2020/texmf-dist/tex/generic/pgf/math/pgfmathfunctions.base.
code.tex)
(/usr/local/texlive/2020/texmf-dist/tex/generic/pgf/math/pgfmathfunctions.round
.code.tex)
(/usr/local/texlive/2020/texmf-dist/tex/generic/pgf/math/pgfmathfunctions.misc.
code.tex)
(/usr/local/texlive/2020/texmf-dist/tex/generic/pgf/math/pgfmathfunctions.integ
erarithmetics.code.tex)))
(/usr/local/texlive/2020/texmf-dist/tex/generic/pgf/math/pgfmathfloat.code.tex
\c@pgfmathroundto@lastzeros=\count269
)) (/usr/local/texlive/2020/texmf-dist/tex/generic/pgf/math/pgfint.code.tex)
(/usr/local/texlive/2020/texmf-dist/tex/generic/pgf/basiclayer/pgfcorepoints.co
de.tex
File: pgfcorepoints.code.tex 2020/01/08 v3.1.5b (3.1.5b)
\pgf@picminx=\dimen173
\pgf@picmaxx=\dimen174
\pgf@picminy=\dimen175
\pgf@picmaxy=\dimen176
\pgf@pathminx=\dimen177
\pgf@pathmaxx=\dimen178
\pgf@pathminy=\dimen179
\pgf@pathmaxy=\dimen180
\pgf@xx=\dimen181
\pgf@xy=\dimen182
\pgf@yx=\dimen183
\pgf@yy=\dimen184
\pgf@zx=\dimen185
\pgf@zy=\dimen186
)
(/usr/local/texlive/2020/texmf-dist/tex/generic/pgf/basiclayer/pgfcorepathconst
ruct.code.tex
File: pgfcorepathconstruct.code.tex 2020/01/08 v3.1.5b (3.1.5b)
\pgf@path@lastx=\dimen187
\pgf@path@lasty=\dimen188
)
(/usr/local/texlive/2020/texmf-dist/tex/generic/pgf/basiclayer/pgfcorepathusage
.code.tex
File: pgfcorepathusage.code.tex 2020/01/08 v3.1.5b (3.1.5b)
\pgf@shorten@end@additional=\dimen189
\pgf@shorten@start@additional=\dimen190
)
(/usr/local/texlive/2020/texmf-dist/tex/generic/pgf/basiclayer/pgfcorescopes.co
de.tex
File: pgfcorescopes.code.tex 2020/01/08 v3.1.5b (3.1.5b)
\pgfpic=\box56
\pgf@hbox=\box57
\pgf@layerbox@main=\box58
\pgf@picture@serial@count=\count270
)
(/usr/local/texlive/2020/texmf-dist/tex/generic/pgf/basiclayer/pgfcoregraphicst
ate.code.tex
File: pgfcoregraphicstate.code.tex 2020/01/08 v3.1.5b (3.1.5b)
\pgflinewidth=\dimen191
)
(/usr/local/texlive/2020/texmf-dist/tex/generic/pgf/basiclayer/pgfcoretransform
ations.code.tex
File: pgfcoretransformations.code.tex 2020/01/08 v3.1.5b (3.1.5b)
\pgf@pt@x=\dimen192
\pgf@pt@y=\dimen193
\pgf@pt@temp=\dimen194
)
(/usr/local/texlive/2020/texmf-dist/tex/generic/pgf/basiclayer/pgfcorequick.cod
e.tex
File: pgfcorequick.code.tex 2020/01/08 v3.1.5b (3.1.5b)
)
(/usr/local/texlive/2020/texmf-dist/tex/generic/pgf/basiclayer/pgfcoreobjects.c
ode.tex
File: pgfcoreobjects.code.tex 2020/01/08 v3.1.5b (3.1.5b)
)
(/usr/local/texlive/2020/texmf-dist/tex/generic/pgf/basiclayer/pgfcorepathproce
ssing.code.tex
File: pgfcorepathprocessing.code.tex 2020/01/08 v3.1.5b (3.1.5b)
)
(/usr/local/texlive/2020/texmf-dist/tex/generic/pgf/basiclayer/pgfcorearrows.co
de.tex
File: pgfcorearrows.code.tex 2020/01/08 v3.1.5b (3.1.5b)
\pgfarrowsep=\dimen195
)
(/usr/local/texlive/2020/texmf-dist/tex/generic/pgf/basiclayer/pgfcoreshade.cod
e.tex
File: pgfcoreshade.code.tex 2020/01/08 v3.1.5b (3.1.5b)
\pgf@max=\dimen196
\pgf@sys@shading@range@num=\count271
\pgf@shadingcount=\count272
)
(/usr/local/texlive/2020/texmf-dist/tex/generic/pgf/basiclayer/pgfcoreimage.cod
e.tex
File: pgfcoreimage.code.tex 2020/01/08 v3.1.5b (3.1.5b)

(/usr/local/texlive/2020/texmf-dist/tex/generic/pgf/basiclayer/pgfcoreexternal.
code.tex
File: pgfcoreexternal.code.tex 2020/01/08 v3.1.5b (3.1.5b)
\pgfexternal@startupbox=\box59
))
(/usr/local/texlive/2020/texmf-dist/tex/generic/pgf/basiclayer/pgfcorelayers.co
de.tex
File: pgfcorelayers.code.tex 2020/01/08 v3.1.5b (3.1.5b)
)
(/usr/local/texlive/2020/texmf-dist/tex/generic/pgf/basiclayer/pgfcoretranspare
ncy.code.tex
File: pgfcoretransparency.code.tex 2020/01/08 v3.1.5b (3.1.5b)
)
(/usr/local/texlive/2020/texmf-dist/tex/generic/pgf/basiclayer/pgfcorepatterns.
code.tex
File: pgfcorepatterns.code.tex 2020/01/08 v3.1.5b (3.1.5b)
)
(/usr/local/texlive/2020/texmf-dist/tex/generic/pgf/basiclayer/pgfcorerdf.code.
tex
File: pgfcorerdf.code.tex 2020/01/08 v3.1.5b (3.1.5b)
))) (/usr/local/texlive/2020/texmf-dist/tex/latex/pgf/utilities/xxcolor.sty
Package: xxcolor 2003/10/24 ver 0.1
\XC@nummixins=\count273
\XC@countmixins=\count274
) (/usr/local/texlive/2020/texmf-dist/tex/generic/atbegshi/atbegshi.sty
Package: atbegshi 2019/12/05 v1.19 At begin shipout hook (HO)

(/usr/local/texlive/2020/texmf-dist/tex/generic/infwarerr/infwarerr.sty
Package: infwarerr 2019/12/03 v1.5 Providing info/warning/error messages (HO)
)
(/usr/local/texlive/2020/texmf-dist/tex/generic/ltxcmds/ltxcmds.sty
Package: ltxcmds 2019/12/15 v1.24 LaTeX kernel commands for general use (HO)
))
(/usr/local/texlive/2020/texmf-dist/tex/latex/hyperref/hyperref.sty
Package: hyperref 2020/01/14 v7.00d Hypertext links for LaTeX

(/usr/local/texlive/2020/texmf-dist/tex/latex/pdftexcmds/pdftexcmds.sty
Package: pdftexcmds 2019/11/24 v0.31 Utility functions of pdfTeX for LuaTeX (HO
)
Package pdftexcmds Info: \pdf@primitive is available.
Package pdftexcmds Info: \pdf@ifprimitive is available.
Package pdftexcmds Info: \pdfdraftmode found.
)
(/usr/local/texlive/2020/texmf-dist/tex/generic/kvsetkeys/kvsetkeys.sty
Package: kvsetkeys 2019/12/15 v1.18 Key value parser (HO)
)
(/usr/local/texlive/2020/texmf-dist/tex/generic/kvdefinekeys/kvdefinekeys.sty
Package: kvdefinekeys 2019-12-19 v1.6 Define keys (HO)
)
(/usr/local/texlive/2020/texmf-dist/tex/generic/pdfescape/pdfescape.sty
Package: pdfescape 2019/12/09 v1.15 Implements pdfTeX's escape features (HO)
)
(/usr/local/texlive/2020/texmf-dist/tex/latex/hycolor/hycolor.sty
Package: hycolor 2020-01-27 v1.10 Color options for hyperref/bookmark (HO)
)
(/usr/local/texlive/2020/texmf-dist/tex/latex/letltxmacro/letltxmacro.sty
Package: letltxmacro 2019/12/03 v1.6 Let assignment for LaTeX macros (HO)
)
(/usr/local/texlive/2020/texmf-dist/tex/latex/auxhook/auxhook.sty
Package: auxhook 2019-12-17 v1.6 Hooks for auxiliary files (HO)
)
(/usr/local/texlive/2020/texmf-dist/tex/latex/kvoptions/kvoptions.sty
Package: kvoptions 2019/11/29 v3.13 Key value format for package options (HO)
)
\@linkdim=\dimen197
\Hy@linkcounter=\count275
\Hy@pagecounter=\count276

(/usr/local/texlive/2020/texmf-dist/tex/latex/hyperref/pd1enc.def
File: pd1enc.def 2020/01/14 v7.00d Hyperref: PDFDocEncoding definition (HO)
Now handling font encoding PD1 ...
... no UTF-8 mapping file for font encoding PD1
)
(/usr/local/texlive/2020/texmf-dist/tex/generic/intcalc/intcalc.sty
Package: intcalc 2019/12/15 v1.3 Expandable calculations with integers (HO)
)
(/usr/local/texlive/2020/texmf-dist/tex/generic/etexcmds/etexcmds.sty
Package: etexcmds 2019/12/15 v1.7 Avoid name clashes with e-TeX commands (HO)
)
\Hy@SavedSpaceFactor=\count277
Package hyperref Info: Option `bookmarks' set `true' on input line 4421.
Package hyperref Info: Option `bookmarksopen' set `true' on input line 4421.
Package hyperref Info: Option `implicit' set `false' on input line 4421.
Package hyperref Info: Hyper figures OFF on input line 4547.
Package hyperref Info: Link nesting OFF on input line 4552.
Package hyperref Info: Hyper index ON on input line 4555.
Package hyperref Info: Plain pages OFF on input line 4562.
Package hyperref Info: Backreferencing OFF on input line 4567.
Package hyperref Info: Implicit mode OFF; no redefinition of LaTeX internals.
Package hyperref Info: Bookmarks ON on input line 4800.
\c@Hy@tempcnt=\count278

(/usr/local/texlive/2020/texmf-dist/tex/latex/url/url.sty
\Urlmuskip=\muskip16
Package: url 2013/09/16  ver 3.4  Verb mode for urls, etc.
)
LaTeX Info: Redefining \url on input line 5159.
\XeTeXLinkMargin=\dimen198

(/usr/local/texlive/2020/texmf-dist/tex/generic/bitset/bitset.sty
Package: bitset 2019/12/09 v1.3 Handle bit-vector datatype (HO)

(/usr/local/texlive/2020/texmf-dist/tex/generic/bigintcalc/bigintcalc.sty
Package: bigintcalc 2019/12/15 v1.5 Expandable calculations on big integers (HO
)
))
\Fld@menulength=\count279
\Field@Width=\dimen199
\Fld@charsize=\dimen256
Package hyperref Info: Hyper figures OFF on input line 6430.
Package hyperref Info: Link nesting OFF on input line 6435.
Package hyperref Info: Hyper index ON on input line 6438.
Package hyperref Info: backreferencing OFF on input line 6445.
Package hyperref Info: Link coloring OFF on input line 6450.
Package hyperref Info: Link coloring with OCG OFF on input line 6455.
Package hyperref Info: PDF/A mode OFF on input line 6460.
LaTeX Info: Redefining \ref on input line 6500.
LaTeX Info: Redefining \pageref on input line 6504.
\Hy@abspage=\count280


Package hyperref Message: Stopped early.

)
Package hyperref Info: Driver (autodetected): hpdftex.
 (/usr/local/texlive/2020/texmf-dist/tex/latex/hyperref/hpdftex.def
File: hpdftex.def 2020/01/14 v7.00d Hyperref driver for pdfTeX

(/usr/local/texlive/2020/texmf-dist/tex/latex/atveryend/atveryend.sty
Package: atveryend 2019-12-11 v1.11 Hooks at the very end of document (HO)
)
\Fld@listcount=\count281
\c@bookmark@seq@number=\count282

(/usr/local/texlive/2020/texmf-dist/tex/latex/rerunfilecheck/rerunfilecheck.sty
Package: rerunfilecheck 2019/12/05 v1.9 Rerun checks for auxiliary files (HO)

(/usr/local/texlive/2020/texmf-dist/tex/generic/uniquecounter/uniquecounter.sty
Package: uniquecounter 2019/12/15 v1.4 Provide unlimited unique counter (HO)
)
Package uniquecounter Info: New unique counter `rerunfilecheck' on input line 2
86.
)) (/usr/local/texlive/2020/texmf-dist/tex/latex/beamer/beamerbaserequires.sty
(/usr/local/texlive/2020/texmf-dist/tex/latex/beamer/beamerbasecompatibility.st
y) (/usr/local/texlive/2020/texmf-dist/tex/latex/beamer/beamerbasefont.sty
(/usr/local/texlive/2020/texmf-dist/tex/latex/amsfonts/amssymb.sty
Package: amssymb 2013/01/14 v3.01 AMS font symbols

(/usr/local/texlive/2020/texmf-dist/tex/latex/amsfonts/amsfonts.sty
Package: amsfonts 2013/01/14 v3.01 Basic AMSFonts support
\@emptytoks=\toks27
\symAMSa=\mathgroup4
\symAMSb=\mathgroup5
LaTeX Font Info:    Redeclaring math symbol \hbar on input line 98.
LaTeX Font Info:    Overwriting math alphabet `\mathfrak' in version `bold'
(Font)                  U/euf/m/n --> U/euf/b/n on input line 106.
))
(/usr/local/texlive/2020/texmf-dist/tex/latex/sansmathaccent/sansmathaccent.sty
Package: sansmathaccent 2020/01/31
(/usr/local/texlive/2020/texmf-dist/tex/latex/koma-script/scrlfile.sty
Package: scrlfile 2020/01/24 v3.29 KOMA-Script package (loading files)
)))
(/usr/local/texlive/2020/texmf-dist/tex/latex/beamer/beamerbasetranslator.sty
(/usr/local/texlive/2020/texmf-dist/tex/latex/translator/translator.sty
Package: translator 2019-05-31 v1.12a Easy translation of strings in LaTeX
))
(/usr/local/texlive/2020/texmf-dist/tex/latex/beamer/beamerbasemisc.sty)
(/usr/local/texlive/2020/texmf-dist/tex/latex/beamer/beamerbasetwoscreens.sty)
(/usr/local/texlive/2020/texmf-dist/tex/latex/beamer/beamerbaseoverlay.sty
\beamer@argscount=\count283
\beamer@lastskipcover=\skip50
\beamer@trivlistdepth=\count284
)
(/usr/local/texlive/2020/texmf-dist/tex/latex/beamer/beamerbasetitle.sty)
(/usr/local/texlive/2020/texmf-dist/tex/latex/beamer/beamerbasesection.sty
\c@lecture=\count285
\c@part=\count286
\c@section=\count287
\c@subsection=\count288
\c@subsubsection=\count289
)
(/usr/local/texlive/2020/texmf-dist/tex/latex/beamer/beamerbaseframe.sty
\beamer@framebox=\box60
\beamer@frametitlebox=\box61
\beamer@zoombox=\box62
\beamer@zoomcount=\count290
\beamer@zoomframecount=\count291
\beamer@frametextheight=\dimen257
\c@subsectionslide=\count292
\beamer@frametopskip=\skip51
\beamer@framebottomskip=\skip52
\beamer@frametopskipautobreak=\skip53
\beamer@framebottomskipautobreak=\skip54
\beamer@envbody=\toks28
\framewidth=\dimen258
\c@framenumber=\count293
)
(/usr/local/texlive/2020/texmf-dist/tex/latex/beamer/beamerbaseverbatim.sty
\beamer@verbatimfileout=\write4
)
(/usr/local/texlive/2020/texmf-dist/tex/latex/beamer/beamerbaseframesize.sty
\beamer@splitbox=\box63
\beamer@autobreakcount=\count294
\beamer@autobreaklastheight=\dimen259
\beamer@frametitletoks=\toks29
\beamer@framesubtitletoks=\toks30
)
(/usr/local/texlive/2020/texmf-dist/tex/latex/beamer/beamerbaseframecomponents.
sty
\beamer@footins=\box64
) (/usr/local/texlive/2020/texmf-dist/tex/latex/beamer/beamerbasecolor.sty)
(/usr/local/texlive/2020/texmf-dist/tex/latex/beamer/beamerbasenotes.sty
\beamer@frameboxcopy=\box65
)
(/usr/local/texlive/2020/texmf-dist/tex/latex/beamer/beamerbasetoc.sty)
(/usr/local/texlive/2020/texmf-dist/tex/latex/beamer/beamerbasetemplates.sty
\beamer@sbttoks=\toks31

(/usr/local/texlive/2020/texmf-dist/tex/latex/beamer/beamerbaseauxtemplates.sty
(/usr/local/texlive/2020/texmf-dist/tex/latex/beamer/beamerbaseboxes.sty
\bmb@box=\box66
\bmb@colorbox=\box67
\bmb@boxshadow=\box68
\bmb@boxshadowball=\box69
\bmb@boxshadowballlarge=\box70
\bmb@temp=\dimen260
\bmb@dima=\dimen261
\bmb@dimb=\dimen262
\bmb@prevheight=\dimen263
)
\beamer@blockheadheight=\dimen264
))
(/usr/local/texlive/2020/texmf-dist/tex/latex/beamer/beamerbaselocalstructure.s
ty (/usr/local/texlive/2020/texmf-dist/tex/latex/tools/enumerate.sty
Package: enumerate 2015/07/23 v3.00 enumerate extensions (DPC)
\@enLab=\toks32
)
\c@figure=\count295
\c@table=\count296
\abovecaptionskip=\skip55
\belowcaptionskip=\skip56
)
(/usr/local/texlive/2020/texmf-dist/tex/latex/beamer/beamerbasenavigation.sty
\beamer@section@min@dim=\dimen265
)
(/usr/local/texlive/2020/texmf-dist/tex/latex/beamer/beamerbasetheorems.sty
(/usr/local/texlive/2020/texmf-dist/tex/latex/amsmath/amsmath.sty
Package: amsmath 2020/01/20 v2.17e AMS math features
\@mathmargin=\skip57

For additional information on amsmath, use the `?' option.
(/usr/local/texlive/2020/texmf-dist/tex/latex/amsmath/amstext.sty
Package: amstext 2000/06/29 v2.01 AMS text

(/usr/local/texlive/2020/texmf-dist/tex/latex/amsmath/amsgen.sty
File: amsgen.sty 1999/11/30 v2.0 generic functions
\@emptytoks=\toks33
\ex@=\dimen266
))
(/usr/local/texlive/2020/texmf-dist/tex/latex/amsmath/amsbsy.sty
Package: amsbsy 1999/11/29 v1.2d Bold Symbols
\pmbraise@=\dimen267
)
(/usr/local/texlive/2020/texmf-dist/tex/latex/amsmath/amsopn.sty
Package: amsopn 2016/03/08 v2.02 operator names
)
\inf@bad=\count297
LaTeX Info: Redefining \frac on input line 227.
\uproot@=\count298
\leftroot@=\count299
LaTeX Info: Redefining \overline on input line 389.
\classnum@=\count300
\DOTSCASE@=\count301
LaTeX Info: Redefining \ldots on input line 486.
LaTeX Info: Redefining \dots on input line 489.
LaTeX Info: Redefining \cdots on input line 610.
\Mathstrutbox@=\box71
\strutbox@=\box72
\big@size=\dimen268
LaTeX Font Info:    Redeclaring font encoding OML on input line 733.
LaTeX Font Info:    Redeclaring font encoding OMS on input line 734.
\macc@depth=\count302
\c@MaxMatrixCols=\count303
\dotsspace@=\muskip17
\c@parentequation=\count304
\dspbrk@lvl=\count305
\tag@help=\toks34
\row@=\count306
\column@=\count307
\maxfields@=\count308
\andhelp@=\toks35
\eqnshift@=\dimen269
\alignsep@=\dimen270
\tagshift@=\dimen271
\tagwidth@=\dimen272
\totwidth@=\dimen273
\lineht@=\dimen274
\@envbody=\toks36
\multlinegap=\skip58
\multlinetaggap=\skip59
\mathdisplay@stack=\toks37
LaTeX Info: Redefining \[ on input line 2859.
LaTeX Info: Redefining \] on input line 2860.
)
(/usr/local/texlive/2020/texmf-dist/tex/latex/amscls/amsthm.sty
Package: amsthm 2017/10/31 v2.20.4
\thm@style=\toks38
\thm@bodyfont=\toks39
\thm@headfont=\toks40
\thm@notefont=\toks41
\thm@headpunct=\toks42
\thm@preskip=\skip60
\thm@postskip=\skip61
\thm@headsep=\skip62
\dth@everypar=\toks43
)
\c@theorem=\count309
)
(/usr/local/texlive/2020/texmf-dist/tex/latex/beamer/beamerbasethemes.sty))
(/usr/local/texlive/2020/texmf-dist/tex/latex/beamer/beamerthemedefault.sty
(/usr/local/texlive/2020/texmf-dist/tex/latex/beamer/beamerfontthemedefault.sty
)
(/usr/local/texlive/2020/texmf-dist/tex/latex/beamer/beamercolorthemedefault.st
y)
(/usr/local/texlive/2020/texmf-dist/tex/latex/beamer/beamerinnerthemedefault.st
y
\beamer@dima=\dimen275
\beamer@dimb=\dimen276
)
(/usr/local/texlive/2020/texmf-dist/tex/latex/beamer/beamerouterthemedefault.st
y)))
(/usr/local/texlive/2020/texmf-dist/tex/latex/beamer/beamerthemeBerkeley.sty
(/usr/local/texlive/2020/texmf-dist/tex/latex/beamer/beamerouterthemesidebar.st
y
\beamer@sidebarwidth=\dimen277
\beamer@headheight=\dimen278
)
(/usr/local/texlive/2020/texmf-dist/tex/latex/beamer/beamerinnerthemerectangles
.sty)
(/usr/local/texlive/2020/texmf-dist/tex/latex/beamer/beamercolorthemewhale.sty)

(/usr/local/texlive/2020/texmf-dist/tex/latex/beamer/beamercolorthemeorchid.sty
))
(/usr/local/texlive/2020/texmf-dist/tex/latex/beamer/beamercolorthemeseahorse.s
ty) (/usr/local/texlive/2020/texmf-dist/tex/latex/base/fontenc.sty
Package: fontenc 2020/02/11 v2.0o Standard LaTeX package
)
(/usr/local/texlive/2020/texmf-dist/tex/latex/lm/lmodern.sty
Package: lmodern 2009/10/30 v1.6 Latin Modern Fonts
LaTeX Font Info:    Overwriting symbol font `operators' in version `normal'
(Font)                  OT1/cmr/m/n --> OT1/lmr/m/n on input line 22.
LaTeX Font Info:    Overwriting symbol font `letters' in version `normal'
(Font)                  OML/cmm/m/it --> OML/lmm/m/it on input line 23.
LaTeX Font Info:    Overwriting symbol font `symbols' in version `normal'
(Font)                  OMS/cmsy/m/n --> OMS/lmsy/m/n on input line 24.
LaTeX Font Info:    Overwriting symbol font `largesymbols' in version `normal'
(Font)                  OMX/cmex/m/n --> OMX/lmex/m/n on input line 25.
LaTeX Font Info:    Overwriting symbol font `operators' in version `bold'
(Font)                  OT1/cmr/bx/n --> OT1/lmr/bx/n on input line 26.
LaTeX Font Info:    Overwriting symbol font `letters' in version `bold'
(Font)                  OML/cmm/b/it --> OML/lmm/b/it on input line 27.
LaTeX Font Info:    Overwriting symbol font `symbols' in version `bold'
(Font)                  OMS/cmsy/b/n --> OMS/lmsy/b/n on input line 28.
LaTeX Font Info:    Overwriting symbol font `largesymbols' in version `bold'
(Font)                  OMX/cmex/m/n --> OMX/lmex/m/n on input line 29.
LaTeX Font Info:    Overwriting math alphabet `\mathbf' in version `normal'
(Font)                  OT1/cmr/bx/n --> OT1/lmr/bx/n on input line 31.
LaTeX Font Info:    Overwriting math alphabet `\mathsf' in version `normal'
(Font)                  OT1/cmss/m/n --> OT1/lmss/m/n on input line 32.
LaTeX Font Info:    Overwriting math alphabet `\mathit' in version `normal'
(Font)                  OT1/cmr/m/it --> OT1/lmr/m/it on input line 33.
LaTeX Font Info:    Overwriting math alphabet `\mathtt' in version `normal'
(Font)                  OT1/cmtt/m/n --> OT1/lmtt/m/n on input line 34.
LaTeX Font Info:    Overwriting math alphabet `\mathbf' in version `bold'
(Font)                  OT1/cmr/bx/n --> OT1/lmr/bx/n on input line 35.
LaTeX Font Info:    Overwriting math alphabet `\mathsf' in version `bold'
(Font)                  OT1/cmss/bx/n --> OT1/lmss/bx/n on input line 36.
LaTeX Font Info:    Overwriting math alphabet `\mathit' in version `bold'
(Font)                  OT1/cmr/bx/it --> OT1/lmr/bx/it on input line 37.
LaTeX Font Info:    Overwriting math alphabet `\mathtt' in version `bold'
(Font)                  OT1/cmtt/m/n --> OT1/lmtt/m/n on input line 38.
)
(/usr/local/texlive/2020/texmf-dist/tex/generic/babel/babel.sty
Package: babel 2020/03/22 3.42 The Babel package

(/usr/local/texlive/2020/texmf-dist/tex/generic/babel/switch.def
File: switch.def 2020/03/22 3.42 Babel switching mechanism
)
(/usr/local/texlive/2020/texmf-dist/tex/generic/babel-english/english.ldf
Language: english 2017/06/06 v3.3r English support from the babel system

(/usr/local/texlive/2020/texmf-dist/tex/generic/babel/babel.def
File: babel.def 2020/03/22 3.42 Babel common definitions
\babel@savecnt=\count310
\U@D=\dimen279

(/usr/local/texlive/2020/texmf-dist/tex/generic/babel/txtbabel.def)
\bbl@readstream=\read3
LaTeX Info: Redefining \textlatin on input line 2435.
\bbl@dirlevel=\count311
)
Package babel Info: \l@canadian = using hyphenrules for english
(babel)             (\language0) on input line 102.
Package babel Info: \l@australian = using hyphenrules for ukenglish
(babel)             (\language21) on input line 105.
Package babel Info: \l@newzealand = using hyphenrules for ukenglish
(babel)             (\language21) on input line 108.
))
(/usr/local/texlive/2020/texmf-dist/tex/latex/base/inputenc.sty
Package: inputenc 2018/08/11 v1.3c Input encoding file
\inpenc@prehook=\toks44
\inpenc@posthook=\toks45
)
(/usr/local/texlive/2020/texmf-dist/tex/latex/csquotes/csquotes.sty
Package: csquotes 2019-12-06 v5.2j context-sensitive quotations (JAW)
\csq@reset=\count312
\csq@gtype=\count313
\csq@glevel=\count314
\csq@qlevel=\count315
\csq@maxlvl=\count316
\csq@tshold=\count317
\csq@ltx@everypar=\toks46

(/usr/local/texlive/2020/texmf-dist/tex/latex/csquotes/csquotes.def
File: csquotes.def 2019-12-06 v5.2j csquotes generic definitions (JAW)
)
Package csquotes Info: Trying to load configuration file 'csquotes.cfg'...
Package csquotes Info: ... configuration file loaded successfully.

(/usr/local/texlive/2020/texmf-dist/tex/latex/csquotes/csquotes.cfg
File: csquotes.cfg 
))
(/usr/local/texlive/2020/texmf-dist/tex/latex/caption/caption.sty
Package: caption 2020/01/03 v3.4h Customizing captions (AR)

(/usr/local/texlive/2020/texmf-dist/tex/latex/caption/caption3.sty
Package: caption3 2020/01/03 v1.8h caption3 kernel (AR)
Package caption3 Info: TeX engine: e-TeX on input line 61.
\captionmargin=\dimen280
\captionmargin@=\dimen281
\captionwidth=\dimen282
\caption@tempdima=\dimen283
\caption@indent=\dimen284
\caption@parindent=\dimen285
\caption@hangindent=\dimen286
Package caption Info: beamer document class detected.
)
\c@caption@flags=\count318
\c@continuedfloat=\count319
Package caption Info: beamer document class.
Package caption Info: hyperref package is loaded.
Package caption Info: Hyperref support is turned off
(caption)             because hyperref has stopped early.
)
(/usr/local/texlive/2020/texmf-dist/tex/latex/biblatex/biblatex.sty
Package: biblatex 2019/12/01 v3.14 programmable bibliographies (PK/MW)

(/usr/local/texlive/2020/texmf-dist/tex/latex/logreq/logreq.sty
Package: logreq 2010/08/04 v1.0 xml request logger
\lrq@indent=\count320

(/usr/local/texlive/2020/texmf-dist/tex/latex/logreq/logreq.def
File: logreq.def 2010/08/04 v1.0 logreq spec v1.0
))
(/usr/local/texlive/2020/texmf-dist/tex/latex/base/ifthen.sty
Package: ifthen 2014/09/29 v1.1c Standard LaTeX ifthen package (DPC)
)
\c@tabx@nest=\count321
\c@listtotal=\count322
\c@listcount=\count323
\c@liststart=\count324
\c@liststop=\count325
\c@citecount=\count326
\c@citetotal=\count327
\c@multicitecount=\count328
\c@multicitetotal=\count329
\c@instcount=\count330
\c@maxnames=\count331
\c@minnames=\count332
\c@maxitems=\count333
\c@minitems=\count334
\c@citecounter=\count335
\c@maxcitecounter=\count336
\c@savedcitecounter=\count337
\c@uniquelist=\count338
\c@uniquename=\count339
\c@refsection=\count340
\c@refsegment=\count341
\c@maxextratitle=\count342
\c@maxextratitleyear=\count343
\c@maxextraname=\count344
\c@maxextradate=\count345
\c@maxextraalpha=\count346
\c@abbrvpenalty=\count347
\c@highnamepenalty=\count348
\c@lownamepenalty=\count349
\c@maxparens=\count350
\c@parenlevel=\count351
\blx@tempcnta=\count352
\blx@tempcntb=\count353
\blx@tempcntc=\count354
\blx@maxsection=\count355
\blx@maxsegment@0=\count356
\blx@notetype=\count357
\blx@parenlevel@text=\count358
\blx@parenlevel@foot=\count359
\blx@sectionciteorder@0=\count360
\blx@entrysetcounter=\count361
\labelnumberwidth=\skip63
\labelalphawidth=\skip64
\biblabelsep=\skip65
\bibitemsep=\skip66
\bibnamesep=\skip67
\bibinitsep=\skip68
\bibparsep=\skip69
\bibhang=\skip70
\blx@bcfin=\read4
\blx@bcfout=\write5
\blx@langwohyphens=\language86
\c@mincomprange=\count362
\c@maxcomprange=\count363
\c@mincompwidth=\count364
Package biblatex Info: Trying to load biblatex default data model...
Package biblatex Info: ... file 'blx-dm.def' found.

(/usr/local/texlive/2020/texmf-dist/tex/latex/biblatex/blx-dm.def
File: blx-dm.def 2019/12/01 v3.14 biblatex localization (PK/MW)
)
Package biblatex Info: Trying to load biblatex style data model...
Package biblatex Info: ... file 'numeric-comp.dbx' not found.
Package biblatex Info: Trying to load biblatex custom data model...
Package biblatex Info: ... file 'biblatex-dm.cfg' not found.
\c@afterword=\count365
\c@savedafterword=\count366
\c@annotator=\count367
\c@savedannotator=\count368
\c@author=\count369
\c@savedauthor=\count370
\c@bookauthor=\count371
\c@savedbookauthor=\count372
\c@commentator=\count373
\c@savedcommentator=\count374
\c@editor=\count375
\c@savededitor=\count376
\c@editora=\count377
\c@savededitora=\count378
\c@editorb=\count379
\c@savededitorb=\count380
\c@editorc=\count381
\c@savededitorc=\count382
\c@foreword=\count383
\c@savedforeword=\count384
\c@holder=\count385
\c@savedholder=\count386
\c@introduction=\count387
\c@savedintroduction=\count388
\c@namea=\count389
\c@savednamea=\count390
\c@nameb=\count391
\c@savednameb=\count392
\c@namec=\count393
\c@savednamec=\count394
\c@translator=\count395
\c@savedtranslator=\count396
\c@shortauthor=\count397
\c@savedshortauthor=\count398
\c@shorteditor=\count399
\c@savedshorteditor=\count400
\c@labelname=\count401
\c@savedlabelname=\count402
\c@institution=\count403
\c@savedinstitution=\count404
\c@lista=\count405
\c@savedlista=\count406
\c@listb=\count407
\c@savedlistb=\count408
\c@listc=\count409
\c@savedlistc=\count410
\c@listd=\count411
\c@savedlistd=\count412
\c@liste=\count413
\c@savedliste=\count414
\c@listf=\count415
\c@savedlistf=\count416
\c@location=\count417
\c@savedlocation=\count418
\c@organization=\count419
\c@savedorganization=\count420
\c@origlocation=\count421
\c@savedoriglocation=\count422
\c@origpublisher=\count423
\c@savedorigpublisher=\count424
\c@publisher=\count425
\c@savedpublisher=\count426
\c@language=\count427
\c@savedlanguage=\count428
\c@origlanguage=\count429
\c@savedoriglanguage=\count430
\c@pageref=\count431
\c@savedpageref=\count432
\shorthandwidth=\skip71
\shortjournalwidth=\skip72
\shortserieswidth=\skip73
\shorttitlewidth=\skip74
\shortauthorwidth=\skip75
\shorteditorwidth=\skip76
\locallabelnumberwidth=\skip77
\locallabelalphawidth=\skip78
\localshorthandwidth=\skip79
\localshortjournalwidth=\skip80
\localshortserieswidth=\skip81
\localshorttitlewidth=\skip82
\localshortauthorwidth=\skip83
\localshorteditorwidth=\skip84
Package biblatex Info: Trying to load compatibility code...
Package biblatex Info: ... file 'blx-compat.def' found.

(/usr/local/texlive/2020/texmf-dist/tex/latex/biblatex/blx-compat.def
File: blx-compat.def 2019/12/01 v3.14 biblatex compatibility (PK/MW)
)
Package biblatex Info: Trying to load generic definitions...
Package biblatex Info: ... file 'biblatex.def' found.

(/usr/local/texlive/2020/texmf-dist/tex/latex/biblatex/biblatex.def
File: biblatex.def 2019/12/01 v3.14 biblatex compatibility (PK/MW)
\c@textcitecount=\count433
\c@textcitetotal=\count434
\c@textcitemaxnames=\count435
\c@biburlbigbreakpenalty=\count436
\c@biburlbreakpenalty=\count437
\c@biburlnumpenalty=\count438
\c@biburlucpenalty=\count439
\c@biburllcpenalty=\count440
\biburlbigskip=\muskip18
\biburlnumskip=\muskip19
\biburlucskip=\muskip20
\biburllcskip=\muskip21
\c@smartand=\count441
)
Package biblatex Info: Trying to load natbib compatibility...
Package biblatex Info: ... file 'blx-natbib.def' found.

(/usr/local/texlive/2020/texmf-dist/tex/latex/biblatex/blx-natbib.def
File: blx-natbib.def 2019/12/01 v3.14 biblatex compatibility (PK/MW)
Package biblatex Info: Delimiter 'nameyeardelim' in context '' already defined,
 overwriting.
)
Package biblatex Info: Trying to load bibliography style 'numeric-comp'...
Package biblatex Info: ... file 'numeric-comp.bbx' found.

(/usr/local/texlive/2020/texmf-dist/tex/latex/biblatex/bbx/numeric-comp.bbx
File: numeric-comp.bbx 2019/12/01 v3.14 biblatex bibliography style (PK/MW)
Package biblatex Info: Trying to load bibliography style 'numeric'...
Package biblatex Info: ... file 'numeric.bbx' found.

(/usr/local/texlive/2020/texmf-dist/tex/latex/biblatex/bbx/numeric.bbx
File: numeric.bbx 2019/12/01 v3.14 biblatex bibliography style (PK/MW)
Package biblatex Info: Trying to load bibliography style 'standard'...
Package biblatex Info: ... file 'standard.bbx' found.

(/usr/local/texlive/2020/texmf-dist/tex/latex/biblatex/bbx/standard.bbx
File: standard.bbx 2019/12/01 v3.14 biblatex bibliography style (PK/MW)
\c@bbx:relatedcount=\count442
\c@bbx:relatedtotal=\count443
)))
Package biblatex Info: Trying to load citation style 'numeric-comp'...
Package biblatex Info: ... file 'numeric-comp.cbx' found.

(/usr/local/texlive/2020/texmf-dist/tex/latex/biblatex/cbx/numeric-comp.cbx
File: numeric-comp.cbx 2019/12/01 v3.14 biblatex citation style (PK/MW)
\c@cbx@tempcnta=\count444
\c@cbx@tempcntb=\count445
Package biblatex Info: Redefining '\cite'.
Package biblatex Info: Redefining '\parencite'.
Package biblatex Info: Redefining '\footcite'.
Package biblatex Info: Redefining '\footcitetext'.
Package biblatex Info: Redefining '\smartcite'.
Package biblatex Info: Redefining '\supercite'.
Package biblatex Info: Redefining '\textcite'.
Package biblatex Info: Redefining '\textcites'.
Package biblatex Info: Redefining '\cites'.
Package biblatex Info: Redefining '\parencites'.
Package biblatex Info: Redefining '\smartcites'.
)
Package biblatex Info: Trying to load configuration file...
Package biblatex Info: ... file 'biblatex.cfg' found.

(/usr/local/texlive/2020/texmf-dist/tex/latex/biblatex/biblatex.cfg
File: biblatex.cfg 
))
(/usr/local/texlive/2020/texmf-dist/tex/latex/pgf/frontendlayer/tikz.sty
(/usr/local/texlive/2020/texmf-dist/tex/latex/pgf/basiclayer/pgf.sty
Package: pgf 2020/01/08 v3.1.5b (3.1.5b)

(/usr/local/texlive/2020/texmf-dist/tex/generic/pgf/modules/pgfmoduleshapes.cod
e.tex
File: pgfmoduleshapes.code.tex 2020/01/08 v3.1.5b (3.1.5b)
\pgfnodeparttextbox=\box73
)
(/usr/local/texlive/2020/texmf-dist/tex/generic/pgf/modules/pgfmoduleplot.code.
tex
File: pgfmoduleplot.code.tex 2020/01/08 v3.1.5b (3.1.5b)
)
(/usr/local/texlive/2020/texmf-dist/tex/latex/pgf/compatibility/pgfcomp-version
-0-65.sty
Package: pgfcomp-version-0-65 2020/01/08 v3.1.5b (3.1.5b)
\pgf@nodesepstart=\dimen287
\pgf@nodesepend=\dimen288
)
(/usr/local/texlive/2020/texmf-dist/tex/latex/pgf/compatibility/pgfcomp-version
-1-18.sty
Package: pgfcomp-version-1-18 2020/01/08 v3.1.5b (3.1.5b)
))
(/usr/local/texlive/2020/texmf-dist/tex/latex/pgf/utilities/pgffor.sty
(/usr/local/texlive/2020/texmf-dist/tex/latex/pgf/utilities/pgfkeys.sty
(/usr/local/texlive/2020/texmf-dist/tex/generic/pgf/utilities/pgfkeys.code.tex)
) (/usr/local/texlive/2020/texmf-dist/tex/latex/pgf/math/pgfmath.sty
(/usr/local/texlive/2020/texmf-dist/tex/generic/pgf/math/pgfmath.code.tex))
(/usr/local/texlive/2020/texmf-dist/tex/generic/pgf/utilities/pgffor.code.tex
Package: pgffor 2020/01/08 v3.1.5b (3.1.5b)

(/usr/local/texlive/2020/texmf-dist/tex/generic/pgf/math/pgfmath.code.tex)
\pgffor@iter=\dimen289
\pgffor@skip=\dimen290
\pgffor@stack=\toks47
\pgffor@toks=\toks48
))
(/usr/local/texlive/2020/texmf-dist/tex/generic/pgf/frontendlayer/tikz/tikz.cod
e.tex
Package: tikz 2020/01/08 v3.1.5b (3.1.5b)

(/usr/local/texlive/2020/texmf-dist/tex/generic/pgf/libraries/pgflibraryplothan
dlers.code.tex
File: pgflibraryplothandlers.code.tex 2020/01/08 v3.1.5b (3.1.5b)
\pgf@plot@mark@count=\count446
\pgfplotmarksize=\dimen291
)
\tikz@lastx=\dimen292
\tikz@lasty=\dimen293
\tikz@lastxsaved=\dimen294
\tikz@lastysaved=\dimen295
\tikz@lastmovetox=\dimen296
\tikz@lastmovetoy=\dimen297
\tikzleveldistance=\dimen298
\tikzsiblingdistance=\dimen299
\tikz@figbox=\box74
\tikz@figbox@bg=\box75
\tikz@tempbox=\box76
\tikz@tempbox@bg=\box77
\tikztreelevel=\count447
\tikznumberofchildren=\count448
\tikznumberofcurrentchild=\count449
\tikz@fig@count=\count450

(/usr/local/texlive/2020/texmf-dist/tex/generic/pgf/modules/pgfmodulematrix.cod
e.tex
File: pgfmodulematrix.code.tex 2020/01/08 v3.1.5b (3.1.5b)
\pgfmatrixcurrentrow=\count451
\pgfmatrixcurrentcolumn=\count452
\pgf@matrix@numberofcolumns=\count453
)
\tikz@expandcount=\count454

(/usr/local/texlive/2020/texmf-dist/tex/generic/pgf/frontendlayer/tikz/librarie
s/tikzlibrarytopaths.code.tex
File: tikzlibrarytopaths.code.tex 2020/01/08 v3.1.5b (3.1.5b)
)))
(/usr/local/texlive/2020/texmf-dist/tex/latex/animate/animate.sty
Package: animate 2020/03/25 PDF & SVG animations from files and inline graphics


(/usr/local/texlive/2020/texmf-dist/tex/latex/xkeyval/xkeyval.sty
Package: xkeyval 2014/12/03 v2.7a package option processing (HA)

(/usr/local/texlive/2020/texmf-dist/tex/generic/xkeyval/xkeyval.tex
(/usr/local/texlive/2020/texmf-dist/tex/generic/xkeyval/xkvutils.tex
\XKV@toks=\toks49
\XKV@tempa@toks=\toks50
)
\XKV@depth=\count455
File: xkeyval.tex 2014/12/03 v2.7a key=value parser (HA)
))
(/usr/local/texlive/2020/texmf-dist/tex/latex/oberdiek/ifdraft.sty
Package: ifdraft 2016/05/16 v1.4 Detect class options draft and final (HO)
)
(/usr/local/texlive/2020/texmf-dist/tex/latex/tools/calc.sty
Package: calc 2017/05/25 v4.3 Infix arithmetic (KKT,FJ)
\calc@Acount=\count456
\calc@Bcount=\count457
\calc@Adimen=\dimen300
\calc@Bdimen=\dimen301
\calc@Askip=\skip85
\calc@Bskip=\skip86
LaTeX Info: Redefining \setlength on input line 80.
LaTeX Info: Redefining \addtolength on input line 81.
\calc@Ccount=\count458
\calc@Cskip=\skip87
)
(/usr/local/texlive/2020/texmf-dist/tex/latex/zref/zref-abspage.sty
Package: zref-abspage 2020-03-03 v2.29 Module abspage for zref (HO)

(/usr/local/texlive/2020/texmf-dist/tex/latex/zref/zref-base.sty
Package: zref-base 2020-03-03 v2.29 Module base for zref (HO)
Package zref Info: New property list: main on input line 763.
Package zref Info: New property: default on input line 764.
Package zref Info: New property: page on input line 765.
)
\c@abspage=\count459
Package zref Info: New property: abspage on input line 66.
)
(/usr/local/texlive/2020/texmf-dist/tex/latex/media9/pdfbase.sty
(/usr/local/texlive/2020/texmf-dist/tex/latex/l3kernel/expl3.sty
Package: expl3 2020-03-06 L3 programming layer (loader) 

(/usr/local/texlive/2020/texmf-dist/tex/latex/l3backend/l3backend-pdfmode.def
File: l3backend-pdfmode.def 2020-03-12 L3 backend support: PDF mode
\l__kernel_color_stack_int=\count460
\l__pdf_internal_box=\box78
)) (/usr/local/texlive/2020/texmf-dist/tex/latex/l3packages/l3keys2e/l3keys2e.s
ty
Package: l3keys2e 2020-03-06 LaTeX2e option processing using LaTeX3 keys
)
Package: pdfbase 2020/03/25 v0.41 driver independent access to low-level PDF fe
atures
\g_pbs_page_int=\count461
\g_pbs_oc_int=\count462
) (/usr/local/texlive/2020/texmf-dist/tex/latex/ocgx2/ocgbase.sty
Package: ocgbase 2019/11/04 v0.17 support package for ocgx2.sty
\g_ocgbase_nd_int=\count463
)
\@anim@box=\box79
\@anim@measbox=\box80
\@anim@tmpdima=\dimen302
\@anim@tmpdimb=\dimen303
\@anim@num=\count464
\@anim@curframe=\count465
\@anim@curframe@zb=\count466
\@anim@resizeflags=\count467
\@anim@skipfram=\count468
\@anim@mulframecnt=\count469
\@anim@@tmlnfile=\read5
\@anim@tmpcnt=\count470
\c@@anim@ltxcnt=\count471
\@anim@curlayer=\count472
\@anim@lineno=\count473
\@anim@curfield=\count474
\@anim@@resizeflags=\count475
)
(/usr/local/texlive/2020/texmf-dist/tex/latex/pgfplots/pgfplots.sty
(/usr/local/texlive/2020/texmf-dist/tex/generic/pgfplots/pgfplots.revision.tex)
Package: pgfplots 2020/02/29 v1.17 Data Visualization (1.17)
(/usr/local/texlive/2020/texmf-dist/tex/generic/pgfplots/pgfplots.code.tex
(/usr/local/texlive/2020/texmf-dist/tex/generic/pgfplots/pgfplotscore.code.tex
\t@pgfplots@toka=\toks51
\t@pgfplots@tokb=\toks52
\t@pgfplots@tokc=\toks53
\pgfplots@tmpa=\dimen304
\c@pgfplots@coordindex=\count476
\c@pgfplots@scanlineindex=\count477

(/usr/local/texlive/2020/texmf-dist/tex/generic/pgfplots/sys/pgfplotssysgeneric
.code.tex))
(/usr/local/texlive/2020/texmf-dist/tex/generic/pgfplots/libs/pgfplotslibrary.c
ode.tex)
(/usr/local/texlive/2020/texmf-dist/tex/generic/pgfplots/oldpgfcompatib/pgfplot
soldpgfsupp_loader.code.tex
(/usr/local/texlive/2020/texmf-dist/tex/generic/pgf/libraries/pgflibraryfpu.cod
e.tex))
(/usr/local/texlive/2020/texmf-dist/tex/generic/pgfplots/util/pgfplotsutil.code
.tex
(/usr/local/texlive/2020/texmf-dist/tex/generic/pgfplots/liststructure/pgfplots
liststructure.code.tex)
(/usr/local/texlive/2020/texmf-dist/tex/generic/pgfplots/liststructure/pgfplots
liststructureext.code.tex)
(/usr/local/texlive/2020/texmf-dist/tex/generic/pgfplots/liststructure/pgfplots
array.code.tex
\c@pgfplotsarray@tmp=\count478
)
(/usr/local/texlive/2020/texmf-dist/tex/generic/pgfplots/liststructure/pgfplots
matrix.code.tex)
(/usr/local/texlive/2020/texmf-dist/tex/generic/pgfplots/numtable/pgfplotstable
shared.code.tex
\c@pgfplotstable@counta=\count479
\t@pgfplotstable@a=\toks54
)
(/usr/local/texlive/2020/texmf-dist/tex/generic/pgfplots/liststructure/pgfplots
deque.code.tex)
(/usr/local/texlive/2020/texmf-dist/tex/generic/pgfplots/util/pgfplotsbinary.co
de.tex
(/usr/local/texlive/2020/texmf-dist/tex/generic/pgfplots/util/pgfplotsbinary.da
ta.code.tex))
(/usr/local/texlive/2020/texmf-dist/tex/generic/pgfplots/util/pgfplotsutil.verb
.code.tex)
(/usr/local/texlive/2020/texmf-dist/tex/generic/pgfplots/libs/pgflibrarypgfplot
s.surfshading.code.tex
\c@pgfplotslibrarysurf@no=\count480

(/usr/local/texlive/2020/texmf-dist/tex/generic/pgfplots/sys/pgflibrarypgfplots
.surfshading.pgfsys-pdftex.def)))
(/usr/local/texlive/2020/texmf-dist/tex/generic/pgfplots/util/pgfplotscolormap.
code.tex
(/usr/local/texlive/2020/texmf-dist/tex/generic/pgfplots/util/pgfplotscolor.cod
e.tex))
(/usr/local/texlive/2020/texmf-dist/tex/generic/pgfplots/pgfplotsstackedplots.c
ode.tex)
(/usr/local/texlive/2020/texmf-dist/tex/generic/pgfplots/pgfplotsplothandlers.c
ode.tex
(/usr/local/texlive/2020/texmf-dist/tex/generic/pgfplots/pgfplotsmeshplothandle
r.code.tex
(/usr/local/texlive/2020/texmf-dist/tex/generic/pgfplots/pgfplotsmeshplotimage.
code.tex)))
(/usr/local/texlive/2020/texmf-dist/tex/generic/pgfplots/pgfplots.scaling.code.
tex)
(/usr/local/texlive/2020/texmf-dist/tex/generic/pgfplots/pgfplotscoordprocessin
g.code.tex)
(/usr/local/texlive/2020/texmf-dist/tex/generic/pgfplots/pgfplots.errorbars.cod
e.tex)
(/usr/local/texlive/2020/texmf-dist/tex/generic/pgfplots/pgfplots.markers.code.
tex)
(/usr/local/texlive/2020/texmf-dist/tex/generic/pgfplots/pgfplotsticks.code.tex
)
(/usr/local/texlive/2020/texmf-dist/tex/generic/pgfplots/pgfplots.paths.code.te
x)
(/usr/local/texlive/2020/texmf-dist/tex/generic/pgf/frontendlayer/tikz/librarie
s/tikzlibrarydecorations.code.tex
(/usr/local/texlive/2020/texmf-dist/tex/generic/pgf/modules/pgfmoduledecoration
s.code.tex
\pgfdecoratedcompleteddistance=\dimen305
\pgfdecoratedremainingdistance=\dimen306
\pgfdecoratedinputsegmentcompleteddistance=\dimen307
\pgfdecoratedinputsegmentremainingdistance=\dimen308
\pgf@decorate@distancetomove=\dimen309
\pgf@decorate@repeatstate=\count481
\pgfdecorationsegmentamplitude=\dimen310
\pgfdecorationsegmentlength=\dimen311
)
\tikz@lib@dec@box=\box81
)
(/usr/local/texlive/2020/texmf-dist/tex/generic/pgf/frontendlayer/tikz/librarie
s/tikzlibrarydecorations.pathmorphing.code.tex
(/usr/local/texlive/2020/texmf-dist/tex/generic/pgf/libraries/decorations/pgfli
brarydecorations.pathmorphing.code.tex))
(/usr/local/texlive/2020/texmf-dist/tex/generic/pgf/frontendlayer/tikz/librarie
s/tikzlibrarydecorations.pathreplacing.code.tex
(/usr/local/texlive/2020/texmf-dist/tex/generic/pgf/libraries/decorations/pgfli
brarydecorations.pathreplacing.code.tex))
\pgfplots@numplots=\count482
\pgfplots@xmin@reg=\dimen312
\pgfplots@xmax@reg=\dimen313
\pgfplots@ymin@reg=\dimen314
\pgfplots@ymax@reg=\dimen315
\pgfplots@zmin@reg=\dimen316
\pgfplots@zmax@reg=\dimen317
)
(/usr/local/texlive/2020/texmf-dist/tex/generic/pgf/frontendlayer/tikz/librarie
s/tikzlibraryplotmarks.code.tex
File: tikzlibraryplotmarks.code.tex 2020/01/08 v3.1.5b (3.1.5b)

(/usr/local/texlive/2020/texmf-dist/tex/generic/pgf/libraries/pgflibraryplotmar
ks.code.tex
File: pgflibraryplotmarks.code.tex 2020/01/08 v3.1.5b (3.1.5b)
))) (./pdfpcnotes.sty
Package: pdfpcnotes 
\pdfpcnotesfile=\write6
)
(/usr/local/texlive/2020/texmf-dist/tex/generic/pgf/libraries/pgflibraryarrows.
meta.code.tex
File: pgflibraryarrows.meta.code.tex 2020/01/08 v3.1.5b (3.1.5b)
\pgfarrowinset=\dimen318
\pgfarrowlength=\dimen319
\pgfarrowwidth=\dimen320
\pgfarrowlinewidth=\dimen321
)
(/usr/local/texlive/2020/texmf-dist/tex/generic/pgf/frontendlayer/tikz/librarie
s/tikzlibrarybackgrounds.code.tex
File: tikzlibrarybackgrounds.code.tex 2020/01/08 v3.1.5b (3.1.5b)
\pgf@layerbox@background=\box82
\pgf@layerboxsaved@background=\box83
)
(/usr/local/texlive/2020/texmf-dist/tex/generic/pgfplots/libs/tikzlibrarypgfplo
ts.fillbetween.code.tex
(/usr/local/texlive/2020/texmf-dist/tex/generic/pgfplots/pgfcontrib/tikzlibrary
fillbetween.code.tex
(/usr/local/texlive/2020/texmf-dist/tex/generic/pgf/frontendlayer/tikz/librarie
s/tikzlibraryintersections.code.tex
(/usr/local/texlive/2020/texmf-dist/tex/generic/pgf/libraries/pgflibraryinterse
ctions.code.tex
\pgf@intersect@solutions=\count483
))
(/usr/local/texlive/2020/texmf-dist/tex/generic/pgfplots/pgfcontrib/tikzlibrary
decorations.softclip.code.tex
(/usr/local/texlive/2020/texmf-dist/tex/generic/pgfplots/pgfcontrib/pgflibraryf
illbetween.code.tex)))
(/usr/local/texlive/2020/texmf-dist/tex/generic/pgfplots/libs/tikzlibrarypgfplo
ts.decorations.softclip.code.tex))
(/usr/local/texlive/2020/texmf-dist/tex/latex/physics/physics.sty
Package: physics 

(/usr/local/texlive/2020/texmf-dist/tex/latex/l3packages/xparse/xparse.sty
Package: xparse 2020-03-06 L3 Experimental document command parser
\l__xparse_current_arg_int=\count484
\g__xparse_grabber_int=\count485
\l__xparse_m_args_int=\count486
\l__xparse_v_nesting_int=\count487
))
(/usr/local/texlive/2020/texmf-dist/tex/latex/nicematrix/nicematrix.sty
Package: nicematrix 2020/03/23 v3.14 Mathematical matrices with PGF/TikZ

(/usr/local/texlive/2020/texmf-dist/tex/latex/tools/array.sty
Package: array 2019/08/31 v2.4l Tabular extension package (FMi)
\col@sep=\dimen322
\ar@mcellbox=\box84
\extrarowheight=\dimen323
\NC@list=\toks55
\extratabsurround=\skip88
\backup@length=\skip89
\ar@cellbox=\box85
)
\g__nicematrix_env_int=\count488
\g__nicematrix_NiceMatrixBlock_int=\count489
\l__nicematrix_columns_width_dim=\dimen324
\l__nicematrix_inter_dots_dim=\dimen325
\l__nicematrix_xdots_shorten_dim=\dimen326
\l__nicematrix_radius_dim=\dimen327
\l__nicematrix_save_iRow_int=\count490
\l__nicematrix_save_jCol_int=\count491
\l__nicematrix_x_initial_dim=\dimen328
\l__nicematrix_y_initial_dim=\dimen329
\l__nicematrix_x_final_dim=\dimen330
\l__nicematrix_y_final_dim=\dimen331
\l_tmpc_dim=\dimen332
\l_tmpd_dim=\dimen333
\l__nicematrix_first_row_int=\count492
\l__nicematrix_first_col_int=\count493
\l__nicematrix_last_row_int=\count494
\l__nicematrix_last_col_int=\count495
\l__nicematrix_left_margin_dim=\dimen334
\l__nicematrix_right_margin_dim=\dimen335
\g__nicematrix_width_last_col_dim=\dimen336
\g__nicematrix_width_first_col_dim=\dimen337
\l__nicematrix_extra_left_margin_dim=\dimen338
\l__nicematrix_extra_right_margin_dim=\dimen339
\c__nicematrix_max_l_dim=\dimen340
)
\c@theo=\count496
Package csquotes Info: Checking for multilingual support...
Package csquotes Info: ... found 'babel' package.
Package csquotes Info: Adjusting default style.
Package csquotes Info: Redefining alias 'default' -> 'english'.

(./presentation.aux)
\openout1 = `presentation.aux'.

LaTeX Font Info:    Checking defaults for OML/cmm/m/it on input line 116.
LaTeX Font Info:    ... okay on input line 116.
LaTeX Font Info:    Checking defaults for OMS/cmsy/m/n on input line 116.
LaTeX Font Info:    ... okay on input line 116.
LaTeX Font Info:    Checking defaults for OT1/cmr/m/n on input line 116.
LaTeX Font Info:    ... okay on input line 116.
LaTeX Font Info:    Checking defaults for T1/cmr/m/n on input line 116.
LaTeX Font Info:    ... okay on input line 116.
LaTeX Font Info:    Checking defaults for TS1/cmr/m/n on input line 116.
LaTeX Font Info:    ... okay on input line 116.
LaTeX Font Info:    Checking defaults for OMX/cmex/m/n on input line 116.
LaTeX Font Info:    ... okay on input line 116.
LaTeX Font Info:    Checking defaults for U/cmr/m/n on input line 116.
LaTeX Font Info:    ... okay on input line 116.
LaTeX Font Info:    Checking defaults for PD1/pdf/m/n on input line 116.
LaTeX Font Info:    ... okay on input line 116.
LaTeX Font Info:    Trying to load font information for T1+lmss on input line 1
16.
 (/usr/local/texlive/2020/texmf-dist/tex/latex/lm/t1lmss.fd
File: t1lmss.fd 2009/10/30 v1.6 Font defs for Latin Modern
)
*geometry* driver: auto-detecting
*geometry* detected driver: pdftex
*geometry* verbose mode - [ preamble ] result:
* driver: pdftex
* paper: custom
* layout: <same size as paper>
* layoutoffset:(h,v)=(0.0pt,0.0pt)
* modes: includehead includefoot 
* h-part:(L,W,R)=(68.22636pt, 281.74263pt, 14.22636pt)
* v-part:(T,H,B)=(0.0pt, 273.14662pt, 0.0pt)
* \paperwidth=364.19536pt
* \paperheight=273.14662pt
* \textwidth=281.74263pt
* \textheight=244.6939pt
* \oddsidemargin=-4.04362pt
* \evensidemargin=-4.04362pt
* \topmargin=-72.26999pt
* \headheight=14.22636pt
* \headsep=0.0pt
* \topskip=10.0pt
* \footskip=14.22636pt
* \marginparwidth=3.0pt
* \marginparsep=11.0pt
* \columnsep=10.0pt
* \skip\footins=9.0pt plus 4.0pt minus 2.0pt
* \hoffset=0.0pt
* \voffset=0.0pt
* \mag=1000
* \@twocolumnfalse
* \@twosidefalse
* \@mparswitchfalse
* \@reversemarginfalse
* (1in=72.27pt=25.4mm, 1cm=28.453pt)

(/usr/local/texlive/2020/texmf-dist/tex/context/base/mkii/supp-pdf.mkii
[Loading MPS to PDF converter (version 2006.09.02).]
\scratchcounter=\count497
\scratchdimen=\dimen341
\scratchbox=\box86
\nofMPsegments=\count498
\nofMParguments=\count499
\everyMPshowfont=\toks56
\MPscratchCnt=\count500
\MPscratchDim=\dimen342
\MPnumerator=\count501
\makeMPintoPDFobject=\count502
\everyMPtoPDFconversion=\toks57
) (/usr/local/texlive/2020/texmf-dist/tex/latex/epstopdf-pkg/epstopdf-base.sty
Package: epstopdf-base 2020-01-24 v2.11 Base part for package epstopdf
Package epstopdf-base Info: Redefining graphics rule for `.eps' on input line 4
85.

(/usr/local/texlive/2020/texmf-dist/tex/latex/latexconfig/epstopdf-sys.cfg
File: epstopdf-sys.cfg 2010/07/13 v1.3 Configuration of (r)epstopdf for TeX Liv
e
))
ABD: EveryShipout initializing macros
\AtBeginShipoutBox=\box87
Package hyperref Info: Link coloring OFF on input line 116.

(/usr/local/texlive/2020/texmf-dist/tex/latex/hyperref/nameref.sty
Package: nameref 2019/09/16 v2.46 Cross-referencing by name of section

(/usr/local/texlive/2020/texmf-dist/tex/latex/refcount/refcount.sty
Package: refcount 2019/12/15 v3.6 Data extraction from label references (HO)
)
(/usr/local/texlive/2020/texmf-dist/tex/generic/gettitlestring/gettitlestring.s
ty
Package: gettitlestring 2019/12/15 v1.6 Cleanup title references (HO)
)
\c@section@level=\count503
)
LaTeX Info: Redefining \ref on input line 116.
LaTeX Info: Redefining \pageref on input line 116.
LaTeX Info: Redefining \nameref on input line 116.
 (./presentation.out) (./presentation.out)
\@outlinefile=\write7
\openout7 = `presentation.out'.

LaTeX Font Info:    Overwriting symbol font `operators' in version `normal'
(Font)                  OT1/lmr/m/n --> OT1/cmss/m/n on input line 116.
LaTeX Font Info:    Overwriting symbol font `operators' in version `bold'
(Font)                  OT1/lmr/bx/n --> OT1/cmss/b/n on input line 116.
LaTeX Font Info:    Overwriting symbol font `operators' in version `normal'
(Font)                  OT1/cmss/m/n --> OT1/lmss/m/n on input line 116.
LaTeX Font Info:    Overwriting symbol font `operators' in version `bold'
(Font)                  OT1/cmss/b/n --> OT1/lmss/b/n on input line 116.
\symnumbers=\mathgroup6
\sympureletters=\mathgroup7
LaTeX Font Info:    Overwriting math alphabet `\mathrm' in version `normal'
(Font)                  OT1/lmss/m/n --> T1/lmr/m/n on input line 116.
LaTeX Font Info:    Redeclaring math alphabet \mathbf on input line 116.
LaTeX Font Info:    Overwriting math alphabet `\mathbf' in version `normal'
(Font)                  OT1/lmr/bx/n --> T1/lmss/b/n on input line 116.
LaTeX Font Info:    Overwriting math alphabet `\mathbf' in version `bold'
(Font)                  OT1/lmr/bx/n --> T1/lmss/b/n on input line 116.
LaTeX Font Info:    Redeclaring math alphabet \mathsf on input line 116.
LaTeX Font Info:    Overwriting math alphabet `\mathsf' in version `normal'
(Font)                  OT1/lmss/m/n --> T1/lmss/m/n on input line 116.
LaTeX Font Info:    Overwriting math alphabet `\mathsf' in version `bold'
(Font)                  OT1/lmss/bx/n --> T1/lmss/m/n on input line 116.
LaTeX Font Info:    Redeclaring math alphabet \mathit on input line 116.
LaTeX Font Info:    Overwriting math alphabet `\mathit' in version `normal'
(Font)                  OT1/lmr/m/it --> T1/lmss/m/it on input line 116.
LaTeX Font Info:    Overwriting math alphabet `\mathit' in version `bold'
(Font)                  OT1/lmr/bx/it --> T1/lmss/m/it on input line 116.
LaTeX Font Info:    Redeclaring math alphabet \mathtt on input line 116.
LaTeX Font Info:    Overwriting math alphabet `\mathtt' in version `normal'
(Font)                  OT1/lmtt/m/n --> T1/lmtt/m/n on input line 116.
LaTeX Font Info:    Overwriting math alphabet `\mathtt' in version `bold'
(Font)                  OT1/lmtt/m/n --> T1/lmtt/m/n on input line 116.
LaTeX Font Info:    Overwriting symbol font `numbers' in version `bold'
(Font)                  T1/lmss/m/n --> T1/lmss/b/n on input line 116.
LaTeX Font Info:    Overwriting symbol font `pureletters' in version `bold'
(Font)                  T1/lmss/m/it --> T1/lmss/b/it on input line 116.
LaTeX Font Info:    Overwriting math alphabet `\mathrm' in version `bold'
(Font)                  OT1/lmss/b/n --> T1/lmr/b/n on input line 116.
LaTeX Font Info:    Overwriting math alphabet `\mathbf' in version `bold'
(Font)                  T1/lmss/b/n --> T1/lmss/b/n on input line 116.
LaTeX Font Info:    Overwriting math alphabet `\mathsf' in version `bold'
(Font)                  T1/lmss/m/n --> T1/lmss/b/n on input line 116.
LaTeX Font Info:    Overwriting math alphabet `\mathit' in version `bold'
(Font)                  T1/lmss/m/it --> T1/lmss/b/it on input line 116.
LaTeX Font Info:    Overwriting math alphabet `\mathtt' in version `bold'
(Font)                  T1/lmtt/m/n --> T1/lmtt/b/n on input line 116.

(/usr/local/texlive/2020/texmf-dist/tex/latex/translator/translator-basic-dicti
onary-English.dict
Dictionary: translator-basic-dictionary, Language: English 
)
(/usr/local/texlive/2020/texmf-dist/tex/latex/translator/translator-bibliograph
y-dictionary-English.dict
Dictionary: translator-bibliography-dictionary, Language: English 
)
(/usr/local/texlive/2020/texmf-dist/tex/latex/translator/translator-environment
-dictionary-English.dict
Dictionary: translator-environment-dictionary, Language: English 
)
(/usr/local/texlive/2020/texmf-dist/tex/latex/translator/translator-months-dict
ionary-English.dict
Dictionary: translator-months-dictionary, Language: English 
)
(/usr/local/texlive/2020/texmf-dist/tex/latex/translator/translator-numbers-dic
tionary-English.dict
Dictionary: translator-numbers-dictionary, Language: English 
)
(/usr/local/texlive/2020/texmf-dist/tex/latex/translator/translator-theorem-dic
tionary-English.dict
Dictionary: translator-theorem-dictionary, Language: English 
)
Package caption Info: Begin \AtBeginDocument code.
Package caption Info: End \AtBeginDocument code.
Package biblatex Info: Trying to load language 'english'...
Package biblatex Info: ... file 'english.lbx' found.

(/usr/local/texlive/2020/texmf-dist/tex/latex/biblatex/lbx/english.lbx
File: english.lbx 2019/12/01 v3.14 biblatex localization (PK/MW)
)
Package biblatex Info: Input encoding 'utf8' detected.
Package biblatex Info: Automatic encoding selection.
(biblatex)             Assuming data encoding 'utf8'.
\openout5 = `presentation.bcf'.

Package biblatex Info: Trying to load bibliographic data...
Package biblatex Info: ... file 'presentation.bbl' not found.

No file presentation.bbl.
Package biblatex Info: Reference section=0 on input line 116.
Package biblatex Info: Reference segment=0 on input line 116.

Package pgfplots Warning: running in backwards compatibility mode (unsuitable t
ick labels; missing features). Consider writing \pgfplotsset{compat=1.17} into 
your preamble.
 on input line 116.

\openout6 = `presentation.pdfpc'.

(./presentation.nav)
<Grafiken/logo_univie.jpg, id=45, 481.8pt x 240.9pt>
File: Grafiken/logo_univie.jpg Graphic file (type jpg)
<use Grafiken/logo_univie.jpg>
Package pdftex.def Info: Grafiken/logo_univie.jpg  used on input line 116.
(pdftex.def)             Requested size: 48.18282pt x 24.0914pt.
File: Grafiken/logo_univie.jpg Graphic file (type jpg)
<use Grafiken/logo_univie.jpg>
Package pdftex.def Info: Grafiken/logo_univie.jpg  used on input line 122.
(pdftex.def)             Requested size: 48.18282pt x 24.0914pt.
 [1{/usr/local/texlive/2020/texmf-var/fonts/map/pdftex/updmap/pdftex.map}

 <./Grafiken/logo_univie.jpg>] (./presentation.toc
LaTeX Font Info:    Trying to load font information for OT1+lmss on input line 
8.

(/usr/local/texlive/2020/texmf-dist/tex/latex/lm/ot1lmss.fd
File: ot1lmss.fd 2009/10/30 v1.6 Font defs for Latin Modern
)
LaTeX Font Info:    Trying to load font information for OML+lmm on input line 8
.

(/usr/local/texlive/2020/texmf-dist/tex/latex/lm/omllmm.fd
File: omllmm.fd 2009/10/30 v1.6 Font defs for Latin Modern
)
LaTeX Font Info:    Trying to load font information for OMS+lmsy on input line 
8.

(/usr/local/texlive/2020/texmf-dist/tex/latex/lm/omslmsy.fd
File: omslmsy.fd 2009/10/30 v1.6 Font defs for Latin Modern
)
LaTeX Font Info:    Trying to load font information for OMX+lmex on input line 
8.

(/usr/local/texlive/2020/texmf-dist/tex/latex/lm/omxlmex.fd
File: omxlmex.fd 2009/10/30 v1.6 Font defs for Latin Modern
)
LaTeX Font Info:    External font `lmex10' loaded for size
(Font)              <10> on input line 8.
LaTeX Font Info:    External font `lmex10' loaded for size
(Font)              <7> on input line 8.
LaTeX Font Info:    External font `lmex10' loaded for size
(Font)              <5> on input line 8.
LaTeX Font Info:    Trying to load font information for U+msa on input line 8.

(/usr/local/texlive/2020/texmf-dist/tex/latex/amsfonts/umsa.fd
File: umsa.fd 2013/01/14 v3.01 AMS symbols A
)
LaTeX Font Info:    Trying to load font information for U+msb on input line 8.

(/usr/local/texlive/2020/texmf-dist/tex/latex/amsfonts/umsb.fd
File: umsb.fd 2013/01/14 v3.01 AMS symbols B
)
LaTeX Font Info:    Font shape `T1/lmss/m/it' in size <10> not available
(Font)              Font shape `T1/lmss/m/sl' tried instead on input line 8.
LaTeX Font Info:    Font shape `T1/lmss/m/it' in size <7> not available
(Font)              Font shape `T1/lmss/m/sl' tried instead on input line 8.
LaTeX Font Info:    Font shape `T1/lmss/m/it' in size <5> not available
(Font)              Font shape `T1/lmss/m/sl' tried instead on input line 8.
)
File: Grafiken/logo_univie.jpg Graphic file (type jpg)
<use Grafiken/logo_univie.jpg>
Package pdftex.def Info: Grafiken/logo_univie.jpg  used on input line 124.
(pdftex.def)             Requested size: 48.18282pt x 24.0914pt.
 [2

]
<Grafiken/intro_example.pdf, id=114, 897.07019pt x 318.02438pt>
File: Grafiken/intro_example.pdf Graphic file (type pdf)
<use Grafiken/intro_example.pdf>
Package pdftex.def Info: Grafiken/intro_example.pdf  used on input line 141.
(pdftex.def)             Requested size: 281.74263pt x 99.88219pt.
File: Grafiken/logo_univie.jpg Graphic file (type jpg)
<use Grafiken/logo_univie.jpg>
Package pdftex.def Info: Grafiken/logo_univie.jpg  used on input line 141.
(pdftex.def)             Requested size: 48.18282pt x 24.0914pt.
 [3

 <./Grafiken/intro_example.pdf>] (./presentation.toc)
File: Grafiken/logo_univie.jpg Graphic file (type jpg)
<use Grafiken/logo_univie.jpg>
Package pdftex.def Info: Grafiken/logo_univie.jpg  used on input line 142.
(pdftex.def)             Requested size: 48.18282pt x 24.0914pt.
 [4

]
LaTeX Font Info:    Trying to load font information for T1+lmr on input line 16
5.

(/usr/local/texlive/2020/texmf-dist/tex/latex/lm/t1lmr.fd
File: t1lmr.fd 2009/10/30 v1.6 Font defs for Latin Modern
)
LaTeX Font Info:    Font shape `T1/lmss/b/n' in size <10> not available
(Font)              Font shape `T1/lmss/bx/n' tried instead on input line 165.
LaTeX Font Info:    Font shape `T1/lmss/b/n' in size <7> not available
(Font)              Font shape `T1/lmss/bx/n' tried instead on input line 165.
LaTeX Font Info:    Font shape `T1/lmss/b/n' in size <5> not available
(Font)              Font shape `T1/lmss/bx/n' tried instead on input line 165.


LaTeX Warning: Citation '10.25365/thesis.45530' on page 5 undefined on input li
ne 165.


LaTeX Warning: Citation 'Volterra1931' on page 5 undefined on input line 165.

File: Grafiken/logo_univie.jpg Graphic file (type jpg)
<use Grafiken/logo_univie.jpg>
Package pdftex.def Info: Grafiken/logo_univie.jpg  used on input line 165.
(pdftex.def)             Requested size: 48.18282pt x 24.0914pt.
[5

]

LaTeX Warning: Citation '10.25365/thesis.45530' on page 6 undefined on input li
ne 165.


LaTeX Warning: Citation 'Volterra1931' on page 6 undefined on input line 165.

File: Grafiken/logo_univie.jpg Graphic file (type jpg)
<use Grafiken/logo_univie.jpg>
Package pdftex.def Info: Grafiken/logo_univie.jpg  used on input line 165.
(pdftex.def)             Requested size: 48.18282pt x 24.0914pt.
[6

]

Package hyperref Warning: Token not allowed in a PDF string (PDFDocEncoding):
(hyperref)                removing `math shift' on input line 166.


Package hyperref Warning: Token not allowed in a PDF string (PDFDocEncoding):
(hyperref)                removing `math shift' on input line 166.

File: Grafiken/logo_univie.jpg Graphic file (type jpg)
<use Grafiken/logo_univie.jpg>
Package pdftex.def Info: Grafiken/logo_univie.jpg  used on input line 186.
(pdftex.def)             Requested size: 48.18282pt x 24.0914pt.
[7

]

LaTeX Warning: Citation 'predatorpreymodel' on page 8 undefined on input line 1
97.


LaTeX Warning: Citation 'theoryvsempiry' on page 8 undefined on input line 197.


File: Grafiken/logo_univie.jpg Graphic file (type jpg)
<use Grafiken/logo_univie.jpg>
Package pdftex.def Info: Grafiken/logo_univie.jpg  used on input line 197.
(pdftex.def)             Requested size: 48.18282pt x 24.0914pt.
[8

]

LaTeX Warning: Citation 'predatorpreymodel' on page 9 undefined on input line 1
97.


LaTeX Warning: Citation 'theoryvsempiry' on page 9 undefined on input line 197.


File: Grafiken/logo_univie.jpg Graphic file (type jpg)
<use Grafiken/logo_univie.jpg>
Package pdftex.def Info: Grafiken/logo_univie.jpg  used on input line 197.
(pdftex.def)             Requested size: 48.18282pt x 24.0914pt.
[9

]

LaTeX Warning: Citation 'predatorpreymodel' on page 10 undefined on input line 
197.


LaTeX Warning: Citation 'theoryvsempiry' on page 10 undefined on input line 197
.

File: Grafiken/logo_univie.jpg Graphic file (type jpg)
<use Grafiken/logo_univie.jpg>
Package pdftex.def Info: Grafiken/logo_univie.jpg  used on input line 197.
(pdftex.def)             Requested size: 48.18282pt x 24.0914pt.
[10

]

LaTeX Warning: Citation 'predatorpreymodel' on page 11 undefined on input line 
197.


LaTeX Warning: Citation 'theoryvsempiry' on page 11 undefined on input line 197
.

File: Grafiken/logo_univie.jpg Graphic file (type jpg)
<use Grafiken/logo_univie.jpg>
Package pdftex.def Info: Grafiken/logo_univie.jpg  used on input line 197.
(pdftex.def)             Requested size: 48.18282pt x 24.0914pt.
[11

]
<Grafiken/solution_2d_simple_model.pdf, id=353, 881.2925pt x 507.8975pt>
File: Grafiken/solution_2d_simple_model.pdf Graphic file (type pdf)
<use Grafiken/solution_2d_simple_model.pdf>
Package pdftex.def Info: Grafiken/solution_2d_simple_model.pdf  used on input l
ine 210.
(pdftex.def)             Requested size: 281.74263pt x 162.36777pt.
File: Grafiken/logo_univie.jpg Graphic file (type jpg)
<use Grafiken/logo_univie.jpg>
Package pdftex.def Info: Grafiken/logo_univie.jpg  used on input line 210.
(pdftex.def)             Requested size: 48.18282pt x 24.0914pt.
 [12

 <./Grafiken/solution_2d_simple_model.pdf>]
<Grafiken/phase_plot_2d_simple_model.pdf, id=421, 888.35796pt x 592.68141pt>
File: Grafiken/phase_plot_2d_simple_model.pdf Graphic file (type pdf)
<use Grafiken/phase_plot_2d_simple_model.pdf>
Package pdftex.def Info: Grafiken/phase_plot_2d_simple_model.pdf  used on input
 line 222.
(pdftex.def)             Requested size: 281.74263pt x 187.97078pt.

Overfull \vbox (5.32416pt too high) detected at line 222
 []

File: Grafiken/logo_univie.jpg Graphic file (type jpg)
<use Grafiken/logo_univie.jpg>
Package pdftex.def Info: Grafiken/logo_univie.jpg  used on input line 222.
(pdftex.def)             Requested size: 48.18282pt x 24.0914pt.
[13

 <./Grafiken/phase_plot_2d_simple_model.pdf>]
File: Grafiken/logo_univie.jpg Graphic file (type jpg)
<use Grafiken/logo_univie.jpg>
Package pdftex.def Info: Grafiken/logo_univie.jpg  used on input line 259.
(pdftex.def)             Requested size: 48.18282pt x 24.0914pt.
 [14

]

LaTeX Warning: Citation 'stability_2d_predator_prey_model' on page 15 undefined
 on input line 259.


LaTeX Warning: Citation '10.25365/thesis.45530' on page 15 undefined on input l
ine 259.

File: Grafiken/logo_univie.jpg Graphic file (type jpg)
<use Grafiken/logo_univie.jpg>
Package pdftex.def Info: Grafiken/logo_univie.jpg  used on input line 259.
(pdftex.def)             Requested size: 48.18282pt x 24.0914pt.
[15

]

LaTeX Warning: Citation '10.25365/thesis.45530' on page 16 undefined on input l
ine 259.

File: Grafiken/logo_univie.jpg Graphic file (type jpg)
<use Grafiken/logo_univie.jpg>
Package pdftex.def Info: Grafiken/logo_univie.jpg  used on input line 259.
(pdftex.def)             Requested size: 48.18282pt x 24.0914pt.
[16

]

LaTeX Warning: Citation 'pesticide_paradox' on page 17 undefined on input line 
282.

File: Grafiken/logo_univie.jpg Graphic file (type jpg)
<use Grafiken/logo_univie.jpg>
Package pdftex.def Info: Grafiken/logo_univie.jpg  used on input line 282.
(pdftex.def)             Requested size: 48.18282pt x 24.0914pt.
[17

]
<Grafiken/phase_plot_2d_pest_model_1.pdf, id=561, 877.1834pt x 587.34116pt>
File: Grafiken/phase_plot_2d_pest_model_1.pdf Graphic file (type pdf)
<use Grafiken/phase_plot_2d_pest_model_1.pdf>
Package pdftex.def Info: Grafiken/phase_plot_2d_pest_model_1.pdf  used on input
 line 317.
(pdftex.def)             Requested size: 281.74263pt x 188.65205pt.

Overfull \vbox (6.00543pt too high) detected at line 317
 []

File: Grafiken/logo_univie.jpg Graphic file (type jpg)
<use Grafiken/logo_univie.jpg>
Package pdftex.def Info: Grafiken/logo_univie.jpg  used on input line 317.
(pdftex.def)             Requested size: 48.18282pt x 24.0914pt.
[18

 <./Grafiken/phase_plot_2d_pest_model_1.pdf>]
<Grafiken/phase_plot_2d_pest_model_2.pdf, id=621, 877.1834pt x 587.34116pt>
File: Grafiken/phase_plot_2d_pest_model_2.pdf Graphic file (type pdf)
<use Grafiken/phase_plot_2d_pest_model_2.pdf>
Package pdftex.def Info: Grafiken/phase_plot_2d_pest_model_2.pdf  used on input
 line 317.
(pdftex.def)             Requested size: 281.74263pt x 188.65205pt.

Overfull \vbox (6.00543pt too high) detected at line 317
 []

File: Grafiken/logo_univie.jpg Graphic file (type jpg)
<use Grafiken/logo_univie.jpg>
Package pdftex.def Info: Grafiken/logo_univie.jpg  used on input line 317.
(pdftex.def)             Requested size: 48.18282pt x 24.0914pt.
[19

 <./Grafiken/phase_plot_2d_pest_model_2.pdf>]
<Grafiken/phase_plot_2d_pest_model_3.pdf, id=683, 877.1834pt x 587.34116pt>
File: Grafiken/phase_plot_2d_pest_model_3.pdf Graphic file (type pdf)
<use Grafiken/phase_plot_2d_pest_model_3.pdf>
Package pdftex.def Info: Grafiken/phase_plot_2d_pest_model_3.pdf  used on input
 line 317.
(pdftex.def)             Requested size: 281.74263pt x 188.65205pt.

Overfull \vbox (6.00543pt too high) detected at line 317
 []

File: Grafiken/logo_univie.jpg Graphic file (type jpg)
<use Grafiken/logo_univie.jpg>
Package pdftex.def Info: Grafiken/logo_univie.jpg  used on input line 317.
(pdftex.def)             Requested size: 48.18282pt x 24.0914pt.
[20

 <./Grafiken/phase_plot_2d_pest_model_3.pdf>]
<Grafiken/phase_plot_2d_pest_model_4.pdf, id=743, 877.1834pt x 587.34116pt>
File: Grafiken/phase_plot_2d_pest_model_4.pdf Graphic file (type pdf)
<use Grafiken/phase_plot_2d_pest_model_4.pdf>
Package pdftex.def Info: Grafiken/phase_plot_2d_pest_model_4.pdf  used on input
 line 317.
(pdftex.def)             Requested size: 281.74263pt x 188.65205pt.

Overfull \vbox (6.00543pt too high) detected at line 317
 []

File: Grafiken/logo_univie.jpg Graphic file (type jpg)
<use Grafiken/logo_univie.jpg>
Package pdftex.def Info: Grafiken/logo_univie.jpg  used on input line 317.
(pdftex.def)             Requested size: 48.18282pt x 24.0914pt.
[21

 <./Grafiken/phase_plot_2d_pest_model_4.pdf>]

LaTeX Warning: Citation 'stability_2d_predator_prey_model' on page 22 undefined
 on input line 343.

File: Grafiken/logo_univie.jpg Graphic file (type jpg)
<use Grafiken/logo_univie.jpg>
Package pdftex.def Info: Grafiken/logo_univie.jpg  used on input line 343.
(pdftex.def)             Requested size: 48.18282pt x 24.0914pt.
[22

]

LaTeX Warning: Citation 'theoryvsempiry' on page 23 undefined on input line 343
.

File: Grafiken/logo_univie.jpg Graphic file (type jpg)
<use Grafiken/logo_univie.jpg>
Package pdftex.def Info: Grafiken/logo_univie.jpg  used on input line 343.
(pdftex.def)             Requested size: 48.18282pt x 24.0914pt.
[23

]

LaTeX Warning: Citation 'Volterra1931' on page 24 undefined on input line 354.


LaTeX Warning: Citation 'theoryvsempiry' on page 24 undefined on input line 354
.

File: Grafiken/logo_univie.jpg Graphic file (type jpg)
<use Grafiken/logo_univie.jpg>
Package pdftex.def Info: Grafiken/logo_univie.jpg  used on input line 354.
(pdftex.def)             Requested size: 48.18282pt x 24.0914pt.
[24

]

LaTeX Warning: Citation 'Volterra1931' on page 25 undefined on input line 354.


LaTeX Warning: Citation 'theoryvsempiry' on page 25 undefined on input line 354
.

File: Grafiken/logo_univie.jpg Graphic file (type jpg)
<use Grafiken/logo_univie.jpg>
Package pdftex.def Info: Grafiken/logo_univie.jpg  used on input line 354.
(pdftex.def)             Requested size: 48.18282pt x 24.0914pt.
[25

]

LaTeX Warning: Citation 'Volterra1931' on page 26 undefined on input line 354.


LaTeX Warning: Citation 'theoryvsempiry' on page 26 undefined on input line 354
.

File: Grafiken/logo_univie.jpg Graphic file (type jpg)
<use Grafiken/logo_univie.jpg>
Package pdftex.def Info: Grafiken/logo_univie.jpg  used on input line 354.
(pdftex.def)             Requested size: 48.18282pt x 24.0914pt.
[26

]

LaTeX Warning: Citation 'Volterra1931' on page 27 undefined on input line 354.


LaTeX Warning: Citation 'theoryvsempiry' on page 27 undefined on input line 354
.

File: Grafiken/logo_univie.jpg Graphic file (type jpg)
<use Grafiken/logo_univie.jpg>
Package pdftex.def Info: Grafiken/logo_univie.jpg  used on input line 354.
(pdftex.def)             Requested size: 48.18282pt x 24.0914pt.
[27

]
<Grafiken/solution_2d_competitive_model.pdf, id=924, 898.35625pt x 609.27625pt>

File: Grafiken/solution_2d_competitive_model.pdf Graphic file (type pdf)
<use Grafiken/solution_2d_competitive_model.pdf>
Package pdftex.def Info: Grafiken/solution_2d_competitive_model.pdf  used on in
put line 366.
(pdftex.def)             Requested size: 281.74263pt x 191.07701pt.

Overfull \vbox (0.43039pt too high) detected at line 366
 []

File: Grafiken/logo_univie.jpg Graphic file (type jpg)
<use Grafiken/logo_univie.jpg>
Package pdftex.def Info: Grafiken/logo_univie.jpg  used on input line 366.
(pdftex.def)             Requested size: 48.18282pt x 24.0914pt.
[28

 <./Grafiken/solution_2d_competitive_model.pdf>]
<Grafiken/phase_plots_2d_competitive_model.pdf, id=998, 898.35625pt x 609.27625
pt>
File: Grafiken/phase_plots_2d_competitive_model.pdf Graphic file (type pdf)
<use Grafiken/phase_plots_2d_competitive_model.pdf>
Package pdftex.def Info: Grafiken/phase_plots_2d_competitive_model.pdf  used on
 input line 377.
(pdftex.def)             Requested size: 281.74263pt x 191.07701pt.

Overfull \vbox (8.43039pt too high) detected at line 377
 []

File: Grafiken/logo_univie.jpg Graphic file (type jpg)
<use Grafiken/logo_univie.jpg>
Package pdftex.def Info: Grafiken/logo_univie.jpg  used on input line 377.
(pdftex.def)             Requested size: 48.18282pt x 24.0914pt.
[29

 <./Grafiken/phase_plots_2d_competitive_model.pdf>]

LaTeX Warning: Citation 'gauses_law' on page 30 undefined on input line 396.


LaTeX Warning: Citation 'gauses_law2' on page 30 undefined on input line 396.

<Grafiken/Paramecium.jpg, id=1070, 753.81625pt x 740.7675pt>
File: Grafiken/Paramecium.jpg Graphic file (type jpg)
<use Grafiken/Paramecium.jpg>
Package pdftex.def Info: Grafiken/Paramecium.jpg  used on input line 396.
(pdftex.def)             Requested size: 140.8713pt x 138.43013pt.

Overfull \vbox (0.6486pt too high) detected at line 396
 []

File: Grafiken/logo_univie.jpg Graphic file (type jpg)
<use Grafiken/logo_univie.jpg>
Package pdftex.def Info: Grafiken/logo_univie.jpg  used on input line 396.
(pdftex.def)             Requested size: 48.18282pt x 24.0914pt.
[30

 <./Grafiken/Paramecium.jpg>] (./presentation.toc)
File: Grafiken/logo_univie.jpg Graphic file (type jpg)
<use Grafiken/logo_univie.jpg>
Package pdftex.def Info: Grafiken/logo_univie.jpg  used on input line 398.
(pdftex.def)             Requested size: 48.18282pt x 24.0914pt.
 [31

]

LaTeX Warning: Citation 'predatorpreymodel' on page 32 undefined on input line 
410.

File: Grafiken/logo_univie.jpg Graphic file (type jpg)
<use Grafiken/logo_univie.jpg>
Package pdftex.def Info: Grafiken/logo_univie.jpg  used on input line 410.
(pdftex.def)             Requested size: 48.18282pt x 24.0914pt.
[32

]

LaTeX Warning: Citation 'predatorpreymodel' on page 33 undefined on input line 
422.

File: Grafiken/logo_univie.jpg Graphic file (type jpg)
<use Grafiken/logo_univie.jpg>
Package pdftex.def Info: Grafiken/logo_univie.jpg  used on input line 422.
(pdftex.def)             Requested size: 48.18282pt x 24.0914pt.
[33

]

LaTeX Warning: Empty bibliography on input line 428.

File: Grafiken/logo_univie.jpg Graphic file (type jpg)
<use Grafiken/logo_univie.jpg>
Package pdftex.def Info: Grafiken/logo_univie.jpg  used on input line 428.
(pdftex.def)             Requested size: 48.18282pt x 24.0914pt.
[34

]
\tf@nav=\write8
\openout8 = `presentation.nav'.

\tf@toc=\write9
\openout9 = `presentation.toc'.

\tf@snm=\write10
\openout10 = `presentation.snm'.

Package atveryend Info: Empty hook `BeforeClearDocument' on input line 430.
Package atveryend Info: Empty hook `AfterLastShipout' on input line 430.
 (./presentation.aux)
Package atveryend Info: Executing hook `AtVeryEndDocument' on input line 430.
Package atveryend Info: Executing hook `AtEndAfterFileList' on input line 430.
Package rerunfilecheck Info: File `presentation.out' has not changed.
(rerunfilecheck)             Checksum: 8F231BD7D543405B21FACEB36A5EB396;513.


LaTeX Warning: There were undefined references.


Package biblatex Warning: Please (re)run Biber on the file:
(biblatex)                presentation
(biblatex)                and rerun LaTeX afterwards.

Package logreq Info: Writing requests to 'presentation.run.xml'.
\openout1 = `presentation.run.xml'.

 ) 
Here is how much of TeX's memory you used:
 44401 strings out of 480608
 1028589 string characters out of 5903630
 1786430 words of memory out of 5000000
 59338 multiletter control sequences out of 15000+600000
 590420 words of font info for 59 fonts, out of 8000000 for 9000
 1141 hyphenation exceptions out of 8191
 64i,21n,103p,817b,2014s stack positions out of 5000i,500n,10000p,200000b,80000s
{/usr/local/texlive/2020/texmf-dist/fonts/enc/dvips/lm/lm-mathsy.enc}{/usr/lo
cal/texlive/2020/texmf-dist/fonts/enc/dvips/lm/lm-ec.enc}{/usr/local/texlive/20
20/texmf-dist/fonts/enc/dvips/lm/lm-mathit.enc}{/usr/local/texlive/2020/texmf-d
ist/fonts/enc/dvips/lm/lm-rm.enc}{/usr/local/texlive/2020/texmf-dist/fonts/enc/
dvips/lm/lm-mathex.enc}</usr/local/texlive/2020/texmf-dist/fonts/type1/public/l
m/lmex10.pfb></usr/local/texlive/2020/texmf-dist/fonts/type1/public/lm/lmmi10.p
fb></usr/local/texlive/2020/texmf-dist/fonts/type1/public/lm/lmmi7.pfb></usr/lo
cal/texlive/2020/texmf-dist/fonts/type1/public/lm/lmr10.pfb></usr/local/texlive
/2020/texmf-dist/fonts/type1/public/lm/lmr7.pfb></usr/local/texlive/2020/texmf-
dist/fonts/type1/public/lm/lmss10.pfb></usr/local/texlive/2020/texmf-dist/fonts
/type1/public/lm/lmss12.pfb></usr/local/texlive/2020/texmf-dist/fonts/type1/pub
lic/lm/lmss8.pfb></usr/local/texlive/2020/texmf-dist/fonts/type1/public/lm/lmss
9.pfb></usr/local/texlive/2020/texmf-dist/fonts/type1/public/lm/lmssbx10.pfb></
usr/local/texlive/2020/texmf-dist/fonts/type1/public/lm/lmsso10.pfb></usr/local
/texlive/2020/texmf-dist/fonts/type1/public/lm/lmsso8.pfb></usr/local/texlive/2
020/texmf-dist/fonts/type1/public/lm/lmsy10.pfb></usr/local/texlive/2020/texmf-
dist/fonts/type1/public/lm/lmsy7.pfb></usr/local/texlive/2020/texmf-dist/fonts/
type1/public/amsfonts/symbols/msbm10.pfb>
Output written on presentation.pdf (34 pages, 1077242 bytes).
PDF statistics:
 1247 PDF objects out of 1440 (max. 8388607)
 886 compressed objects within 9 object streams
 95 named destinations out of 1000 (max. 500000)
 162 words of extra memory for PDF output out of 10000 (max. 10000000)

